*******************************************************************************
16/04/2018 08:15:31 a.m.
Inicializar(), Inciando KIOSCO Verion : 3.0.0.0
*******************************************************************************
16/04/2018 08:15:31 a.m.
frm_Principal.Inicializar(), Buscando Archivo de configuracion
*******************************************************************************
16/04/2018 08:15:31 a.m.
frm_Principal.Inicializar(), inicia Lectura Informacion Archivo de Configuracion
*******************************************************************************
16/04/2018 08:15:31 a.m.
frm_Principal.Inicializar(), Conectando webService DigTurno
*******************************************************************************
16/04/2018 08:15:31 a.m.
Iniciando Test de conexion a servidores modo (FULL).....
*******************************************************************************
16/04/2018 08:15:31 a.m.
VerificaFenix_GA2 : Conexion Fenix (CPVMP-515): CORRECTO.
*******************************************************************************
16/04/2018 08:15:31 a.m.
VerificaConexionBD : Conexion a BD Fenix: CORRECTO.
*******************************************************************************
16/04/2018 08:15:31 a.m.
antes de VerificaConexionGA2.if (!this.Conecta_BD_Ga2('001', st_ParamBd, ref inR_A001NUM_IDENTIFICACION))
*******************************************************************************
16/04/2018 08:15:31 a.m.
antes de Conecta_BD_Ga2.SqlDataReader rdr = objL_Consultas.EjecutaSP('SP_010_LEE_AFILIADO_GA2', st_Cedula);
*******************************************************************************
16/04/2018 08:15:31 a.m.
despues de Conecta_BD_Ga2.SqlDataReader rdr = objL_Consultas.EjecutaSP('SP_010_LEE_AFILIADO_GA2', st_Cedula);
*******************************************************************************
16/04/2018 08:15:31 a.m.
antes de Conecta_BD_Ga2.if (rdr != null)
*******************************************************************************
16/04/2018 08:15:31 a.m.
despu?s de Conecta_BD_Ga2.Conecta_BD_Ga2.if (rdr != null)
*******************************************************************************
16/04/2018 08:15:31 a.m.
antes de Conecta_BD_Ga2.rdr.Close()
*******************************************************************************
16/04/2018 08:15:31 a.m.
despues de Conecta_BD_Ga2.rdr.Close()
*******************************************************************************
16/04/2018 08:15:31 a.m.
antes de Conecta_BD_Ga2.objL_Consultas.CierraCOnexiones();
*******************************************************************************
16/04/2018 08:15:31 a.m.
despues de Conecta_BD_Ga2.objL_Consultas.CierraCOnexiones();
*******************************************************************************
16/04/2018 08:15:31 a.m.
VerificaConexionGA2 : Conexion_BD_Ga2: CORRECTO.
*******************************************************************************
16/04/2018 08:15:31 a.m.
TestDigiturno : Conexion Digiturno: CORRECTO.
*******************************************************************************
16/04/2018 08:15:31 a.m.
frm_Principal.Inicializar(), Ingresando en modo FULL OK 
*******************************************************************************
16/04/2018 08:15:31 a.m.
frm_Principal.borraDirTemporales(), Inicia
*******************************************************************************
16/04/2018 08:15:31 a.m.
frm_Principal.borraDirTemporales(), Termina OK
*******************************************************************************
16/04/2018 08:15:31 a.m.
Inicializar(), Terminando OK
*******************************************************************************
16/04/2018 08:15:44 a.m.
frm_Principal.CMD_Prioritario_Click(), Inicia ...
*******************************************************************************
16/04/2018 08:15:44 a.m.
frm_Principal.CMD_Prioritario_Click(), Numero de cedula no valido : C?dula...
*******************************************************************************
16/04/2018 08:50:58 a.m.
Inicializar(), Inciando KIOSCO Verion : 3.0.0.0
*******************************************************************************
16/04/2018 08:50:58 a.m.
frm_Principal.Inicializar(), Buscando Archivo de configuracion
*******************************************************************************
16/04/2018 08:50:58 a.m.
frm_Principal.Inicializar(), inicia Lectura Informacion Archivo de Configuracion
*******************************************************************************
16/04/2018 08:50:58 a.m.
frm_Principal.Inicializar(), Conectando webService DigTurno
*******************************************************************************
16/04/2018 08:50:58 a.m.
Iniciando Test de conexion a servidores modo (FULL).....
*******************************************************************************
16/04/2018 08:50:58 a.m.
VerificaFenix_GA2 : Conexion Fenix (CPVMP-515): CORRECTO.
*******************************************************************************
16/04/2018 08:50:58 a.m.
VerificaConexionBD : Conexion a BD Fenix: CORRECTO.
*******************************************************************************
16/04/2018 08:50:58 a.m.
antes de VerificaConexionGA2.if (!this.Conecta_BD_Ga2('001', st_ParamBd, ref inR_A001NUM_IDENTIFICACION))
*******************************************************************************
16/04/2018 08:50:58 a.m.
antes de Conecta_BD_Ga2.SqlDataReader rdr = objL_Consultas.EjecutaSP('SP_010_LEE_AFILIADO_GA2', st_Cedula);
*******************************************************************************
16/04/2018 08:50:58 a.m.
despues de Conecta_BD_Ga2.SqlDataReader rdr = objL_Consultas.EjecutaSP('SP_010_LEE_AFILIADO_GA2', st_Cedula);
*******************************************************************************
16/04/2018 08:50:58 a.m.
antes de Conecta_BD_Ga2.if (rdr != null)
*******************************************************************************
16/04/2018 08:50:58 a.m.
despu?s de Conecta_BD_Ga2.Conecta_BD_Ga2.if (rdr != null)
*******************************************************************************
16/04/2018 08:50:58 a.m.
antes de Conecta_BD_Ga2.rdr.Close()
*******************************************************************************
16/04/2018 08:50:58 a.m.
despues de Conecta_BD_Ga2.rdr.Close()
*******************************************************************************
16/04/2018 08:50:58 a.m.
antes de Conecta_BD_Ga2.objL_Consultas.CierraCOnexiones();
*******************************************************************************
16/04/2018 08:50:58 a.m.
despues de Conecta_BD_Ga2.objL_Consultas.CierraCOnexiones();
*******************************************************************************
16/04/2018 08:50:58 a.m.
VerificaConexionGA2 : Conexion_BD_Ga2: CORRECTO.
*******************************************************************************
16/04/2018 08:50:59 a.m.
TestDigiturno : Conexion Digiturno: CORRECTO.
*******************************************************************************
16/04/2018 08:50:59 a.m.
frm_Principal.Inicializar(), Ingresando en modo FULL OK 
*******************************************************************************
16/04/2018 08:50:59 a.m.
frm_Principal.borraDirTemporales(), Inicia
*******************************************************************************
16/04/2018 08:50:59 a.m.
frm_Principal.borraDirTemporales(), Termina OK
*******************************************************************************
16/04/2018 08:50:59 a.m.
Inicializar(), Terminando OK
*******************************************************************************
16/04/2018 08:51:37 a.m.
frm_Principal.CMD_Aceptar_Click(), Inicia ...
*******************************************************************************
16/04/2018 08:51:37 a.m.
frm_Principal.CMD_Aceptar_Click(), Inicia Proceso para CEDULA : 80755565
*******************************************************************************
16/04/2018 08:51:37 a.m.
frm_Principal.CMD_Aceptar_Click(), Validando aDIRECTOR (CPVMP-515:4114)
*******************************************************************************
16/04/2018 08:51:37 a.m.
frm_Principal.CMD_Aceptar_Click(),  aDIRECTOR OK ...
*******************************************************************************
16/04/2018 08:51:37 a.m.
frm_Principal.consultaCedulaEnGA2(),  Ejecutando SP: SP_010_LEE_AFILIADO_GA2 para cc: 80755565
*******************************************************************************
16/04/2018 08:51:37 a.m.
frm_Principal.consultaCedulaEnGA2(),  rdr OK ...
*******************************************************************************
16/04/2018 08:51:37 a.m.
frm_Principal.CMD_Aceptar_Click(), Se obtuvieron resultados de SP: SP_010_LEE_AFILIADO_GA2 para cc: 80755565
*******************************************************************************
16/04/2018 08:51:37 a.m.
frm_Principal.CMD_Aceptar_Click(),  Iniciando THREAD para : 80755565
*******************************************************************************
16/04/2018 08:51:37 a.m.
frm_Principal.ActivaEscaner(),  Cargando dispositivo de Huella ...
*******************************************************************************
16/04/2018 08:51:37 a.m.
frm_Principal.ActivaEscaner(),  Licencias de Huella Ok
*******************************************************************************
16/04/2018 08:51:37 a.m.
frm_Principal.ActivaEscaner(),  Estado del Huellero OK 
*******************************************************************************
16/04/2018 08:51:37 a.m.
frm_Principal.cambiaPantallas(),  Inicia ...
*******************************************************************************
16/04/2018 08:51:37 a.m.
frm_Principal.cambiaPantallas(),  PANEL_CAPTURA_HUELLA
*******************************************************************************
16/04/2018 08:51:37 a.m.
frm_Principal.StartTiemrHuella(),  Iniciando ...
*******************************************************************************
16/04/2018 08:51:37 a.m.
frm_Principal.StartTimer(),  Iniciando ...
*******************************************************************************
16/04/2018 08:51:37 a.m.
frm_Principal.StartTimer(), Termina
*******************************************************************************
16/04/2018 08:51:37 a.m.
frm_Principal.cambiaPantallas(),  Termina OK
*******************************************************************************
16/04/2018 08:51:37 a.m.
frm_Principal.CMD_Aceptar_Click(),  Iniciando THREAD para : 80755565
*******************************************************************************
16/04/2018 08:51:37 a.m.
frm_Principal.CMD_Aceptar_Click(), Termina OK
*******************************************************************************
16/04/2018 08:52:30 a.m.
frm_Principal.LimpiaPantallas(), Inicia ...
*******************************************************************************
16/04/2018 08:52:30 a.m.
frm_Principal.StopTimer(), Inicio
*******************************************************************************
16/04/2018 08:52:30 a.m.
frm_Principal.StopTimer(), Termina
*******************************************************************************
16/04/2018 08:52:30 a.m.
frm_Principal.StopTiemrHuella(),  Iniciando ...
*******************************************************************************
16/04/2018 08:52:30 a.m.
frm_Principal.detieneEscaner(), Inicia
*******************************************************************************
16/04/2018 08:52:52 a.m.
frm_Principal.cambiaPantallas(),  Inicia ...
*******************************************************************************
16/04/2018 08:52:52 a.m.
frm_Principal.cambiaPantallas(),  PANEL TURNOS
*******************************************************************************
16/04/2018 08:52:52 a.m.
frm_Principal.cambiaPantallas(),  Termina OK
*******************************************************************************
16/04/2018 08:52:52 a.m.
frm_Principal.cambiaPantallas(),  Termina OK
*******************************************************************************
16/04/2018 08:52:52 a.m.
frm_Principal.detieneEscaner(), Deteniendo Escaner ... 
*******************************************************************************
16/04/2018 08:52:52 a.m.
frm_Principal.detieneEscaner(), Escaner detenido OK
*******************************************************************************
16/04/2018 08:52:52 a.m.
frm_Principal.VuelveInicio(), Inicia ...
*******************************************************************************
16/04/2018 08:52:52 a.m.
frm_Principal.VuelveInicio(), Modo FULL detectado ..
*******************************************************************************
16/04/2018 08:52:52 a.m.
frm_Principal.VuelveInicio(), TERMINA OK : 
*******************************************************************************
16/04/2018 08:52:52 a.m.
frm_Principal.LimpiaPantallas(), Modo FULL detectado ..
*******************************************************************************
16/04/2018 08:52:52 a.m.
frm_Principal.LimpiaPantallas(), TERMINA OK : C?dula...
*******************************************************************************
16/04/2018 08:52:58 a.m.
frm_Principal.cambiaPantallas(),  Inicia ...
*******************************************************************************
16/04/2018 08:52:58 a.m.
frm_Principal.cambiaPantallas(), PANEL_TECLADO_INICIAL
*******************************************************************************
16/04/2018 08:52:58 a.m.
frm_Principal.cambiaPantallas(),  Termina OK
*******************************************************************************
16/04/2018 08:53:17 a.m.
frm_Principal.CMD_Aceptar_Click(), Inicia ...
*******************************************************************************
16/04/2018 08:53:17 a.m.
frm_Principal.CMD_Aceptar_Click(), Inicia Proceso para CEDULA : 80755565
*******************************************************************************
16/04/2018 08:53:17 a.m.
frm_Principal.CMD_Aceptar_Click(), Validando aDIRECTOR (CPVMP-515:4114)
*******************************************************************************
16/04/2018 08:53:17 a.m.
frm_Principal.CMD_Aceptar_Click(),  aDIRECTOR OK ...
*******************************************************************************
16/04/2018 08:53:17 a.m.
frm_Principal.consultaCedulaEnGA2(),  Ejecutando SP: SP_010_LEE_AFILIADO_GA2 para cc: 80755565
*******************************************************************************
16/04/2018 08:53:17 a.m.
frm_Principal.consultaCedulaEnGA2(),  rdr OK ...
*******************************************************************************
16/04/2018 08:53:17 a.m.
frm_Principal.CMD_Aceptar_Click(), Se obtuvieron resultados de SP: SP_010_LEE_AFILIADO_GA2 para cc: 80755565
*******************************************************************************
16/04/2018 08:53:17 a.m.
frm_Principal.CMD_Aceptar_Click(),  Iniciando THREAD para : 80755565
*******************************************************************************
16/04/2018 08:53:17 a.m.
frm_Principal.ActivaEscaner(),  Cargando dispositivo de Huella ...
*******************************************************************************
16/04/2018 08:53:17 a.m.
frm_Principal.ActivaEscaner(),  Licencias de Huella Ok
*******************************************************************************
16/04/2018 08:53:17 a.m.
frm_Principal.ActivaEscaner(),  Estado del Huellero OK 
*******************************************************************************
16/04/2018 08:53:17 a.m.
frm_Principal.cambiaPantallas(),  Inicia ...
*******************************************************************************
16/04/2018 08:53:17 a.m.
frm_Principal.cambiaPantallas(),  PANEL_CAPTURA_HUELLA
*******************************************************************************
16/04/2018 08:53:17 a.m.
frm_Principal.StartTiemrHuella(),  Iniciando ...
*******************************************************************************
16/04/2018 08:53:17 a.m.
frm_Principal.StartTimer(),  Iniciando ...
*******************************************************************************
16/04/2018 08:53:17 a.m.
frm_Principal.StartTimer(), Termina
*******************************************************************************
16/04/2018 08:53:17 a.m.
frm_Principal.cambiaPantallas(),  Termina OK
*******************************************************************************
16/04/2018 08:53:17 a.m.
frm_Principal.CMD_Aceptar_Click(),  Iniciando THREAD para : 80755565
*******************************************************************************
16/04/2018 08:53:17 a.m.
frm_Principal.CMD_Aceptar_Click(), Termina OK
*******************************************************************************
16/04/2018 08:53:27 a.m.
frm_Principal.LimpiaPantallas(), Inicia ...
*******************************************************************************
16/04/2018 08:53:28 a.m.
frm_Principal.StopTimer(), Inicio
*******************************************************************************
16/04/2018 08:53:28 a.m.
frm_Principal.StopTimer(), Termina
*******************************************************************************
16/04/2018 08:53:28 a.m.
frm_Principal.StopTiemrHuella(),  Iniciando ...
*******************************************************************************
16/04/2018 08:53:28 a.m.
frm_Principal.detieneEscaner(), Inicia
*******************************************************************************
16/04/2018 08:53:34 a.m.
frm_Principal.detieneEscaner(), Cancelando Escaner ... 
*******************************************************************************
16/04/2018 08:53:34 a.m.
frm_Principal.detieneEscaner(), Deteniendo Escaner ... 
*******************************************************************************
16/04/2018 08:53:34 a.m.
frm_Principal.detieneEscaner(), Escaner detenido OK
*******************************************************************************
16/04/2018 08:53:34 a.m.
frm_Principal.VuelveInicio(), Inicia ...
*******************************************************************************
16/04/2018 08:53:34 a.m.
frm_Principal.VuelveInicio(), Modo FULL detectado ..
*******************************************************************************
16/04/2018 08:53:34 a.m.
frm_Principal.VuelveInicio(), TERMINA OK : 
*******************************************************************************
16/04/2018 08:53:34 a.m.
frm_Principal.LimpiaPantallas(), Modo FULL detectado ..
*******************************************************************************
16/04/2018 08:53:34 a.m.
frm_Principal.LimpiaPantallas(), TERMINA OK : C?dula...
