*******************************************************************************
17/04/2018 09:18:02 a.m.
Inicializar(), Inciando KIOSCO Verion : 3.0.0.0
*******************************************************************************
17/04/2018 09:18:02 a.m.
frm_Principal.Inicializar(), Buscando Archivo de configuracion
*******************************************************************************
17/04/2018 09:18:02 a.m.
frm_Principal.Inicializar(), inicia Lectura Informacion Archivo de Configuracion
*******************************************************************************
17/04/2018 09:18:02 a.m.
frm_Principal.Inicializar(), Conectando webService DigTurno
*******************************************************************************
17/04/2018 09:18:02 a.m.
Iniciando Test de conexion a servidores modo (FULL).....
*******************************************************************************
17/04/2018 09:18:02 a.m.
VerificaFenix_GA2 : Conexion Fenix (CPVMP-515): CORRECTO.
*******************************************************************************
17/04/2018 09:18:02 a.m.
VerificaConexionBD : Conexion a BD Fenix: CORRECTO.
*******************************************************************************
17/04/2018 09:18:02 a.m.
antes de VerificaConexionGA2.if (!this.Conecta_BD_Ga2('001', st_ParamBd, ref inR_A001NUM_IDENTIFICACION))
*******************************************************************************
17/04/2018 09:18:02 a.m.
antes de Conecta_BD_Ga2.SqlDataReader rdr = objL_Consultas.EjecutaSP('SP_010_LEE_AFILIADO_GA2', st_Cedula);
*******************************************************************************
17/04/2018 09:18:02 a.m.
despues de Conecta_BD_Ga2.SqlDataReader rdr = objL_Consultas.EjecutaSP('SP_010_LEE_AFILIADO_GA2', st_Cedula);
*******************************************************************************
17/04/2018 09:18:02 a.m.
antes de Conecta_BD_Ga2.if (rdr != null)
*******************************************************************************
17/04/2018 09:18:02 a.m.
despu?s de Conecta_BD_Ga2.Conecta_BD_Ga2.if (rdr != null)
*******************************************************************************
17/04/2018 09:18:02 a.m.
antes de Conecta_BD_Ga2.rdr.Close()
*******************************************************************************
17/04/2018 09:18:02 a.m.
despues de Conecta_BD_Ga2.rdr.Close()
*******************************************************************************
17/04/2018 09:18:02 a.m.
antes de Conecta_BD_Ga2.objL_Consultas.CierraCOnexiones();
*******************************************************************************
17/04/2018 09:18:02 a.m.
despues de Conecta_BD_Ga2.objL_Consultas.CierraCOnexiones();
*******************************************************************************
17/04/2018 09:18:02 a.m.
VerificaConexionGA2 : Conexion_BD_Ga2: CORRECTO.
*******************************************************************************
17/04/2018 09:18:02 a.m.
TestDigiturno : Conexion Digiturno: CORRECTO.
*******************************************************************************
17/04/2018 09:18:02 a.m.
frm_Principal.Inicializar(), Ingresando en modo FULL OK 
*******************************************************************************
17/04/2018 09:18:02 a.m.
frm_Principal.borraDirTemporales(), Inicia
*******************************************************************************
17/04/2018 09:18:02 a.m.
frm_Principal.borraDirTemporales(), Termina OK
*******************************************************************************
17/04/2018 09:18:02 a.m.
Inicializar(), Terminando OK
*******************************************************************************
17/04/2018 09:19:29 a.m.
Inicializar(), Inciando KIOSCO Verion : 3.0.0.0
*******************************************************************************
17/04/2018 09:19:29 a.m.
frm_Principal.Inicializar(), Buscando Archivo de configuracion
*******************************************************************************
17/04/2018 09:19:29 a.m.
frm_Principal.Inicializar(), inicia Lectura Informacion Archivo de Configuracion
*******************************************************************************
17/04/2018 09:19:29 a.m.
frm_Principal.Inicializar(), Conectando webService DigTurno
*******************************************************************************
17/04/2018 09:19:29 a.m.
Iniciando Test de conexion a servidores modo (FULL).....
*******************************************************************************
17/04/2018 09:19:29 a.m.
VerificaFenix_GA2 : Conexion Fenix (CPVMP-515): CORRECTO.
*******************************************************************************
17/04/2018 09:19:29 a.m.
VerificaConexionBD : Conexion a BD Fenix: CORRECTO.
*******************************************************************************
17/04/2018 09:19:29 a.m.
antes de VerificaConexionGA2.if (!this.Conecta_BD_Ga2('001', st_ParamBd, ref inR_A001NUM_IDENTIFICACION))
*******************************************************************************
17/04/2018 09:19:29 a.m.
antes de Conecta_BD_Ga2.SqlDataReader rdr = objL_Consultas.EjecutaSP('SP_010_LEE_AFILIADO_GA2', st_Cedula);
*******************************************************************************
17/04/2018 09:19:29 a.m.
despues de Conecta_BD_Ga2.SqlDataReader rdr = objL_Consultas.EjecutaSP('SP_010_LEE_AFILIADO_GA2', st_Cedula);
*******************************************************************************
17/04/2018 09:19:29 a.m.
antes de Conecta_BD_Ga2.if (rdr != null)
*******************************************************************************
17/04/2018 09:19:29 a.m.
despu?s de Conecta_BD_Ga2.Conecta_BD_Ga2.if (rdr != null)
*******************************************************************************
17/04/2018 09:19:29 a.m.
antes de Conecta_BD_Ga2.rdr.Close()
*******************************************************************************
17/04/2018 09:19:29 a.m.
despues de Conecta_BD_Ga2.rdr.Close()
*******************************************************************************
17/04/2018 09:19:29 a.m.
antes de Conecta_BD_Ga2.objL_Consultas.CierraCOnexiones();
*******************************************************************************
17/04/2018 09:19:29 a.m.
despues de Conecta_BD_Ga2.objL_Consultas.CierraCOnexiones();
*******************************************************************************
17/04/2018 09:19:29 a.m.
VerificaConexionGA2 : Conexion_BD_Ga2: CORRECTO.
*******************************************************************************
17/04/2018 09:19:29 a.m.
TestDigiturno : Conexion Digiturno: CORRECTO.
*******************************************************************************
17/04/2018 09:19:29 a.m.
frm_Principal.Inicializar(), Ingresando en modo FULL OK 
*******************************************************************************
17/04/2018 09:19:29 a.m.
frm_Principal.borraDirTemporales(), Inicia
*******************************************************************************
17/04/2018 09:19:29 a.m.
frm_Principal.borraDirTemporales(), Termina OK
*******************************************************************************
17/04/2018 09:19:29 a.m.
Inicializar(), Terminando OK
*******************************************************************************
17/04/2018 09:19:32 a.m.
frm_Principal.cambiaPantallas(),  Inicia ...
*******************************************************************************
17/04/2018 09:19:32 a.m.
frm_Principal.cambiaPantallas(),  PANEL TURNOS
*******************************************************************************
17/04/2018 09:19:32 a.m.
frm_Principal.cambiaPantallas(),  Termina OK
*******************************************************************************
17/04/2018 09:19:34 a.m.
frm_Principal.cambiaPantallas(),  Inicia ...
*******************************************************************************
17/04/2018 09:19:34 a.m.
frm_Principal.cambiaPantallas(), PANEL_TECLADO_INICIAL
*******************************************************************************
17/04/2018 09:19:34 a.m.
frm_Principal.cambiaPantallas(),  Termina OK
*******************************************************************************
17/04/2018 09:19:49 a.m.
frm_Principal.CMD_Aceptar_Click(), Inicia ...
*******************************************************************************
17/04/2018 09:19:49 a.m.
frm_Principal.CMD_Aceptar_Click(), Inicia Proceso para CEDULA : 79345472
*******************************************************************************
17/04/2018 09:19:49 a.m.
frm_Principal.CMD_Aceptar_Click(), Validando aDIRECTOR (CPVMP-515:4114)
*******************************************************************************
17/04/2018 09:19:49 a.m.
frm_Principal.CMD_Aceptar_Click(),  aDIRECTOR OK ...
*******************************************************************************
17/04/2018 09:19:49 a.m.
frm_Principal.consultaCedulaEnGA2(),  Ejecutando SP: SP_010_LEE_AFILIADO_GA2 para cc: 79345472
*******************************************************************************
17/04/2018 09:19:49 a.m.
frm_Principal.consultaCedulaEnGA2(),  rdr OK ...
*******************************************************************************
17/04/2018 09:19:49 a.m.
frm_Principal.CMD_Aceptar_Click(), Se obtuvieron resultados de SP: SP_010_LEE_AFILIADO_GA2 para cc: 79345472
*******************************************************************************
17/04/2018 09:19:49 a.m.
frm_Principal.CMD_Aceptar_Click(),  Iniciando THREAD para : 79345472
*******************************************************************************
17/04/2018 09:19:49 a.m.
frm_Principal.cambiaPantallas(),  Inicia ...
*******************************************************************************
17/04/2018 09:19:49 a.m.
frm_Principal.cambiaPantallas(),  PANEL TURNOS  
*******************************************************************************
17/04/2018 09:19:49 a.m.
frm_Principal.cambiaPantallas(),  Termina OK
*******************************************************************************
17/04/2018 09:19:49 a.m.
frm_Principal.CMD_Aceptar_Click(), Termina OK
*******************************************************************************
17/04/2018 09:20:55 a.m.
Inicializar(), Inciando KIOSCO Verion : 3.0.0.0
*******************************************************************************
17/04/2018 09:20:55 a.m.
frm_Principal.Inicializar(), Buscando Archivo de configuracion
*******************************************************************************
17/04/2018 09:20:55 a.m.
frm_Principal.Inicializar(), inicia Lectura Informacion Archivo de Configuracion
*******************************************************************************
17/04/2018 09:20:55 a.m.
frm_Principal.Inicializar(), Conectando webService DigTurno
*******************************************************************************
17/04/2018 09:20:55 a.m.
Iniciando Test de conexion a servidores modo (FULL).....
*******************************************************************************
17/04/2018 09:20:55 a.m.
VerificaFenix_GA2 : Conexion Fenix (CPVMP-515): CORRECTO.
*******************************************************************************
17/04/2018 09:20:55 a.m.
VerificaConexionBD : Conexion a BD Fenix: CORRECTO.
*******************************************************************************
17/04/2018 09:20:55 a.m.
antes de VerificaConexionGA2.if (!this.Conecta_BD_Ga2('001', st_ParamBd, ref inR_A001NUM_IDENTIFICACION))
*******************************************************************************
17/04/2018 09:20:55 a.m.
antes de Conecta_BD_Ga2.SqlDataReader rdr = objL_Consultas.EjecutaSP('SP_010_LEE_AFILIADO_GA2', st_Cedula);
*******************************************************************************
17/04/2018 09:20:55 a.m.
despues de Conecta_BD_Ga2.SqlDataReader rdr = objL_Consultas.EjecutaSP('SP_010_LEE_AFILIADO_GA2', st_Cedula);
*******************************************************************************
17/04/2018 09:20:55 a.m.
antes de Conecta_BD_Ga2.if (rdr != null)
*******************************************************************************
17/04/2018 09:20:55 a.m.
despu?s de Conecta_BD_Ga2.Conecta_BD_Ga2.if (rdr != null)
*******************************************************************************
17/04/2018 09:20:55 a.m.
antes de Conecta_BD_Ga2.rdr.Close()
*******************************************************************************
17/04/2018 09:20:55 a.m.
despues de Conecta_BD_Ga2.rdr.Close()
*******************************************************************************
17/04/2018 09:20:55 a.m.
antes de Conecta_BD_Ga2.objL_Consultas.CierraCOnexiones();
*******************************************************************************
17/04/2018 09:20:55 a.m.
despues de Conecta_BD_Ga2.objL_Consultas.CierraCOnexiones();
*******************************************************************************
17/04/2018 09:20:55 a.m.
VerificaConexionGA2 : Conexion_BD_Ga2: CORRECTO.
*******************************************************************************
17/04/2018 09:20:55 a.m.
TestDigiturno : Conexion Digiturno: CORRECTO.
*******************************************************************************
17/04/2018 09:20:55 a.m.
frm_Principal.Inicializar(), Ingresando en modo FULL OK 
*******************************************************************************
17/04/2018 09:20:55 a.m.
frm_Principal.borraDirTemporales(), Inicia
*******************************************************************************
17/04/2018 09:20:55 a.m.
frm_Principal.borraDirTemporales(), Termina OK
*******************************************************************************
17/04/2018 09:20:55 a.m.
Inicializar(), Terminando OK
*******************************************************************************
17/04/2018 09:21:14 a.m.
frm_Principal.CMD_Aceptar_Click(), Inicia ...
*******************************************************************************
17/04/2018 09:21:14 a.m.
frm_Principal.CMD_Aceptar_Click(), Inicia Proceso para CEDULA : 80755565
*******************************************************************************
17/04/2018 09:21:14 a.m.
frm_Principal.CMD_Aceptar_Click(), Validando aDIRECTOR (CPVMP-515:4114)
*******************************************************************************
17/04/2018 09:21:14 a.m.
frm_Principal.CMD_Aceptar_Click(),  aDIRECTOR OK ...
*******************************************************************************
17/04/2018 09:21:14 a.m.
frm_Principal.consultaCedulaEnGA2(),  Ejecutando SP: SP_010_LEE_AFILIADO_GA2 para cc: 80755565
*******************************************************************************
17/04/2018 09:21:14 a.m.
frm_Principal.consultaCedulaEnGA2(),  rdr OK ...
*******************************************************************************
17/04/2018 09:21:14 a.m.
frm_Principal.CMD_Aceptar_Click(), Se obtuvieron resultados de SP: SP_010_LEE_AFILIADO_GA2 para cc: 80755565
*******************************************************************************
17/04/2018 09:21:14 a.m.
frm_Principal.CMD_Aceptar_Click(),  Iniciando THREAD para : 80755565
*******************************************************************************
17/04/2018 09:21:14 a.m.
frm_Principal.ActivaEscaner(),  Cargando dispositivo de Huella ...
*******************************************************************************
17/04/2018 09:21:14 a.m.
frm_Principal.ActivaEscaner(),  Licencias de Huella Ok
*******************************************************************************
17/04/2018 09:21:15 a.m.
frm_Principal.StopTimer(), Inicio
*******************************************************************************
17/04/2018 09:21:15 a.m.
frm_Principal.StopTimer(), Termina
*******************************************************************************
17/04/2018 09:21:15 a.m.
frm_Principal.StopTiemrHuella(),  Iniciando ...
*******************************************************************************
17/04/2018 09:21:15 a.m.
frm_Principal.detieneEscaner(), Inicia
*******************************************************************************
17/04/2018 09:21:15 a.m.
frm_Principal.VuelveInicio(), Inicia ...
*******************************************************************************
17/04/2018 09:21:15 a.m.
frm_Principal.VuelveInicio(), Modo FULL detectado ..
*******************************************************************************
17/04/2018 09:21:15 a.m.
frm_Principal.VuelveInicio(), TERMINA OK : 
*******************************************************************************
17/04/2018 09:21:15 a.m.
frm_Principal.CMD_Aceptar_Click(), Termina OK
*******************************************************************************
17/04/2018 09:22:20 a.m.
frm_Principal.CMD_Aceptar_Click(), Inicia ...
*******************************************************************************
17/04/2018 09:22:20 a.m.
frm_Principal.CMD_Aceptar_Click(), Inicia Proceso para CEDULA : 80755565
*******************************************************************************
17/04/2018 09:22:20 a.m.
frm_Principal.CMD_Aceptar_Click(), Validando aDIRECTOR (CPVMP-515:4114)
*******************************************************************************
17/04/2018 09:22:20 a.m.
frm_Principal.CMD_Aceptar_Click(),  aDIRECTOR OK ...
*******************************************************************************
17/04/2018 09:22:20 a.m.
frm_Principal.consultaCedulaEnGA2(),  Ejecutando SP: SP_010_LEE_AFILIADO_GA2 para cc: 80755565
*******************************************************************************
17/04/2018 09:22:20 a.m.
frm_Principal.consultaCedulaEnGA2(),  rdr OK ...
*******************************************************************************
17/04/2018 09:22:20 a.m.
frm_Principal.CMD_Aceptar_Click(), Se obtuvieron resultados de SP: SP_010_LEE_AFILIADO_GA2 para cc: 80755565
*******************************************************************************
17/04/2018 09:22:20 a.m.
frm_Principal.CMD_Aceptar_Click(),  Iniciando THREAD para : 80755565
*******************************************************************************
17/04/2018 09:22:20 a.m.
frm_Principal.ActivaEscaner(),  Cargando dispositivo de Huella ...
*******************************************************************************
17/04/2018 09:22:20 a.m.
frm_Principal.ActivaEscaner(),  Licencias de Huella Ok
*******************************************************************************
17/04/2018 09:22:20 a.m.
frm_Principal.StopTimer(), Inicio
*******************************************************************************
17/04/2018 09:22:20 a.m.
frm_Principal.StopTimer(), Termina
*******************************************************************************
17/04/2018 09:22:20 a.m.
frm_Principal.StopTiemrHuella(),  Iniciando ...
*******************************************************************************
17/04/2018 09:22:20 a.m.
frm_Principal.detieneEscaner(), Inicia
*******************************************************************************
17/04/2018 09:22:20 a.m.
frm_Principal.VuelveInicio(), Inicia ...
*******************************************************************************
17/04/2018 09:22:20 a.m.
frm_Principal.VuelveInicio(), Modo FULL detectado ..
*******************************************************************************
17/04/2018 09:22:20 a.m.
frm_Principal.VuelveInicio(), TERMINA OK : 
*******************************************************************************
17/04/2018 09:22:20 a.m.
frm_Principal.CMD_Aceptar_Click(), Termina OK
*******************************************************************************
17/04/2018 09:22:52 a.m.
Inicializar(), Inciando KIOSCO Verion : 3.0.0.0
*******************************************************************************
17/04/2018 09:22:52 a.m.
frm_Principal.Inicializar(), Buscando Archivo de configuracion
*******************************************************************************
17/04/2018 09:22:52 a.m.
frm_Principal.Inicializar(), inicia Lectura Informacion Archivo de Configuracion
*******************************************************************************
17/04/2018 09:22:52 a.m.
frm_Principal.Inicializar(), Conectando webService DigTurno
*******************************************************************************
17/04/2018 09:22:52 a.m.
Iniciando Test de conexion a servidores modo (FULL).....
*******************************************************************************
17/04/2018 09:22:52 a.m.
VerificaFenix_GA2 : Conexion Fenix (CPVMP-515): CORRECTO.
*******************************************************************************
17/04/2018 09:22:52 a.m.
VerificaConexionBD : Conexion a BD Fenix: CORRECTO.
*******************************************************************************
17/04/2018 09:22:52 a.m.
antes de VerificaConexionGA2.if (!this.Conecta_BD_Ga2('001', st_ParamBd, ref inR_A001NUM_IDENTIFICACION))
*******************************************************************************
17/04/2018 09:22:52 a.m.
antes de Conecta_BD_Ga2.SqlDataReader rdr = objL_Consultas.EjecutaSP('SP_010_LEE_AFILIADO_GA2', st_Cedula);
*******************************************************************************
17/04/2018 09:22:53 a.m.
despues de Conecta_BD_Ga2.SqlDataReader rdr = objL_Consultas.EjecutaSP('SP_010_LEE_AFILIADO_GA2', st_Cedula);
*******************************************************************************
17/04/2018 09:22:53 a.m.
antes de Conecta_BD_Ga2.if (rdr != null)
*******************************************************************************
17/04/2018 09:22:53 a.m.
despu?s de Conecta_BD_Ga2.Conecta_BD_Ga2.if (rdr != null)
*******************************************************************************
17/04/2018 09:22:53 a.m.
antes de Conecta_BD_Ga2.rdr.Close()
*******************************************************************************
17/04/2018 09:22:53 a.m.
despues de Conecta_BD_Ga2.rdr.Close()
*******************************************************************************
17/04/2018 09:22:53 a.m.
antes de Conecta_BD_Ga2.objL_Consultas.CierraCOnexiones();
*******************************************************************************
17/04/2018 09:22:53 a.m.
despues de Conecta_BD_Ga2.objL_Consultas.CierraCOnexiones();
*******************************************************************************
17/04/2018 09:22:53 a.m.
VerificaConexionGA2 : Conexion_BD_Ga2: CORRECTO.
*******************************************************************************
17/04/2018 09:22:53 a.m.
TestDigiturno : Conexion Digiturno: CORRECTO.
*******************************************************************************
17/04/2018 09:22:53 a.m.
frm_Principal.Inicializar(), Ingresando en modo FULL OK 
*******************************************************************************
17/04/2018 09:22:53 a.m.
frm_Principal.borraDirTemporales(), Inicia
*******************************************************************************
17/04/2018 09:22:53 a.m.
frm_Principal.borraDirTemporales(), Termina OK
*******************************************************************************
17/04/2018 09:22:53 a.m.
Inicializar(), Terminando OK
*******************************************************************************
17/04/2018 09:23:01 a.m.
frm_Principal.CMD_Aceptar_Click(), Inicia ...
*******************************************************************************
17/04/2018 09:23:01 a.m.
frm_Principal.CMD_Aceptar_Click(), Inicia Proceso para CEDULA : 80755565
*******************************************************************************
17/04/2018 09:23:01 a.m.
frm_Principal.CMD_Aceptar_Click(), Validando aDIRECTOR (CPVMP-515:4114)
*******************************************************************************
17/04/2018 09:23:01 a.m.
frm_Principal.CMD_Aceptar_Click(),  aDIRECTOR OK ...
*******************************************************************************
17/04/2018 09:23:01 a.m.
frm_Principal.consultaCedulaEnGA2(),  Ejecutando SP: SP_010_LEE_AFILIADO_GA2 para cc: 80755565
*******************************************************************************
17/04/2018 09:23:01 a.m.
frm_Principal.consultaCedulaEnGA2(),  rdr OK ...
*******************************************************************************
17/04/2018 09:23:01 a.m.
frm_Principal.CMD_Aceptar_Click(), Se obtuvieron resultados de SP: SP_010_LEE_AFILIADO_GA2 para cc: 80755565
*******************************************************************************
17/04/2018 09:23:01 a.m.
frm_Principal.CMD_Aceptar_Click(),  Iniciando THREAD para : 80755565
*******************************************************************************
17/04/2018 09:23:01 a.m.
frm_Principal.ActivaEscaner(),  Cargando dispositivo de Huella ...
*******************************************************************************
17/04/2018 09:23:01 a.m.
frm_Principal.ActivaEscaner(),  Licencias de Huella Ok
*******************************************************************************
17/04/2018 09:23:01 a.m.
frm_Principal.StopTimer(), Inicio
*******************************************************************************
17/04/2018 09:23:01 a.m.
frm_Principal.StopTimer(), Termina
*******************************************************************************
17/04/2018 09:23:01 a.m.
frm_Principal.StopTiemrHuella(),  Iniciando ...
*******************************************************************************
17/04/2018 09:23:01 a.m.
frm_Principal.detieneEscaner(), Inicia
*******************************************************************************
17/04/2018 09:23:01 a.m.
frm_Principal.VuelveInicio(), Inicia ...
*******************************************************************************
17/04/2018 09:23:01 a.m.
frm_Principal.VuelveInicio(), Modo FULL detectado ..
*******************************************************************************
17/04/2018 09:23:01 a.m.
frm_Principal.VuelveInicio(), TERMINA OK : 
*******************************************************************************
17/04/2018 09:23:01 a.m.
frm_Principal.CMD_Aceptar_Click(), Termina OK
*******************************************************************************
17/04/2018 09:23:14 a.m.
frm_Principal.cambiaPantallas(),  Inicia ...
*******************************************************************************
17/04/2018 09:23:14 a.m.
frm_Principal.cambiaPantallas(),  PANEL TURNOS
*******************************************************************************
17/04/2018 09:23:14 a.m.
frm_Principal.cambiaPantallas(),  Termina OK
*******************************************************************************
17/04/2018 09:24:12 a.m.
frm_Principal.LimpiaPantallas(), Inicia ...
*******************************************************************************
17/04/2018 09:24:12 a.m.
frm_Principal.StopTimer(), Inicio
*******************************************************************************
17/04/2018 09:24:12 a.m.
frm_Principal.StopTimer(), Termina
*******************************************************************************
17/04/2018 09:24:12 a.m.
frm_Principal.StopTiemrHuella(),  Iniciando ...
*******************************************************************************
17/04/2018 09:24:12 a.m.
frm_Principal.detieneEscaner(), Inicia
*******************************************************************************
17/04/2018 09:24:12 a.m.
frm_Principal.VuelveInicio(), Inicia ...
*******************************************************************************
17/04/2018 09:24:12 a.m.
frm_Principal.VuelveInicio(), Saliendo, ejecucion no permitida ejecutaFuncionArreglaPantalla = False
*******************************************************************************
17/04/2018 09:24:12 a.m.
frm_Principal.VuelveInicio(), Modo FULL detectado ..
*******************************************************************************
17/04/2018 09:24:12 a.m.
frm_Principal.VuelveInicio(), TERMINA OK : 
*******************************************************************************
17/04/2018 09:24:12 a.m.
frm_Principal.LimpiaPantallas(), Modo FULL detectado ..
*******************************************************************************
17/04/2018 09:24:12 a.m.
frm_Principal.LimpiaPantallas(), TERMINA OK : C?dula...
