*******************************************************************************
17/04/2018 10:12:02 a.m.
Inicializar(), Inciando KIOSCO Verion : 3.0.0.0
*******************************************************************************
17/04/2018 10:12:02 a.m.
frm_Principal.Inicializar(), Buscando Archivo de configuracion
*******************************************************************************
17/04/2018 10:12:02 a.m.
frm_Principal.Inicializar(), inicia Lectura Informacion Archivo de Configuracion
*******************************************************************************
17/04/2018 10:12:02 a.m.
frm_Principal.Inicializar(), Conectando webService DigTurno
*******************************************************************************
17/04/2018 10:12:02 a.m.
Iniciando Test de conexion a servidores modo (FULL).....
*******************************************************************************
17/04/2018 10:12:02 a.m.
VerificaFenix_GA2 : Conexion Fenix (CPVMP-515): CORRECTO.
*******************************************************************************
17/04/2018 10:12:02 a.m.
VerificaConexionBD : Conexion a BD Fenix: CORRECTO.
*******************************************************************************
17/04/2018 10:12:02 a.m.
antes de VerificaConexionGA2.if (!this.Conecta_BD_Ga2('001', st_ParamBd, ref inR_A001NUM_IDENTIFICACION))
*******************************************************************************
17/04/2018 10:12:02 a.m.
antes de Conecta_BD_Ga2.SqlDataReader rdr = objL_Consultas.EjecutaSP('SP_010_LEE_AFILIADO_GA2', st_Cedula);
*******************************************************************************
17/04/2018 10:12:02 a.m.
despues de Conecta_BD_Ga2.SqlDataReader rdr = objL_Consultas.EjecutaSP('SP_010_LEE_AFILIADO_GA2', st_Cedula);
*******************************************************************************
17/04/2018 10:12:02 a.m.
antes de Conecta_BD_Ga2.if (rdr != null)
*******************************************************************************
17/04/2018 10:12:02 a.m.
despu?s de Conecta_BD_Ga2.Conecta_BD_Ga2.if (rdr != null)
*******************************************************************************
17/04/2018 10:12:02 a.m.
antes de Conecta_BD_Ga2.rdr.Close()
*******************************************************************************
17/04/2018 10:12:02 a.m.
despues de Conecta_BD_Ga2.rdr.Close()
*******************************************************************************
17/04/2018 10:12:02 a.m.
antes de Conecta_BD_Ga2.objL_Consultas.CierraCOnexiones();
*******************************************************************************
17/04/2018 10:12:02 a.m.
despues de Conecta_BD_Ga2.objL_Consultas.CierraCOnexiones();
*******************************************************************************
17/04/2018 10:12:02 a.m.
VerificaConexionGA2 : Conexion_BD_Ga2: CORRECTO.
*******************************************************************************
17/04/2018 10:12:03 a.m.
TestDigiturno : Conexion Digiturno: CORRECTO.
*******************************************************************************
17/04/2018 10:12:03 a.m.
frm_Principal.Inicializar(), Ingresando en modo FULL OK 
*******************************************************************************
17/04/2018 10:12:03 a.m.
frm_Principal.borraDirTemporales(), Inicia
*******************************************************************************
17/04/2018 10:12:03 a.m.
frm_Principal.borraDirTemporales(), Termina OK
*******************************************************************************
17/04/2018 10:12:03 a.m.
Inicializar(), Terminando OK
*******************************************************************************
17/04/2018 10:50:49 a.m.
Inicializar(), Inciando KIOSCO Verion : 3.0.0.0
*******************************************************************************
17/04/2018 10:50:49 a.m.
frm_Principal.Inicializar(), Buscando Archivo de configuracion
*******************************************************************************
17/04/2018 10:50:49 a.m.
frm_Principal.Inicializar(), inicia Lectura Informacion Archivo de Configuracion
*******************************************************************************
17/04/2018 10:50:49 a.m.
frm_Principal.Inicializar(), Conectando webService DigTurno
*******************************************************************************
17/04/2018 10:50:49 a.m.
Iniciando Test de conexion a servidores modo (FULL).....
*******************************************************************************
17/04/2018 10:50:49 a.m.
VerificaFenix_GA2 : Conexion Fenix (CPVMP-515): CORRECTO.
*******************************************************************************
17/04/2018 10:50:49 a.m.
VerificaConexionBD : Conexion a BD Fenix: CORRECTO.
*******************************************************************************
17/04/2018 10:50:49 a.m.
antes de VerificaConexionGA2.if (!this.Conecta_BD_Ga2('001', st_ParamBd, ref inR_A001NUM_IDENTIFICACION))
*******************************************************************************
17/04/2018 10:50:49 a.m.
antes de Conecta_BD_Ga2.SqlDataReader rdr = objL_Consultas.EjecutaSP('SP_010_LEE_AFILIADO_GA2', st_Cedula);
*******************************************************************************
17/04/2018 10:50:50 a.m.
despues de Conecta_BD_Ga2.SqlDataReader rdr = objL_Consultas.EjecutaSP('SP_010_LEE_AFILIADO_GA2', st_Cedula);
*******************************************************************************
17/04/2018 10:50:50 a.m.
antes de Conecta_BD_Ga2.if (rdr != null)
*******************************************************************************
17/04/2018 10:50:50 a.m.
despu?s de Conecta_BD_Ga2.Conecta_BD_Ga2.if (rdr != null)
*******************************************************************************
17/04/2018 10:50:50 a.m.
antes de Conecta_BD_Ga2.rdr.Close()
*******************************************************************************
17/04/2018 10:50:50 a.m.
despues de Conecta_BD_Ga2.rdr.Close()
*******************************************************************************
17/04/2018 10:50:50 a.m.
antes de Conecta_BD_Ga2.objL_Consultas.CierraCOnexiones();
*******************************************************************************
17/04/2018 10:50:50 a.m.
despues de Conecta_BD_Ga2.objL_Consultas.CierraCOnexiones();
*******************************************************************************
17/04/2018 10:50:50 a.m.
VerificaConexionGA2 : Conexion_BD_Ga2: CORRECTO.
*******************************************************************************
17/04/2018 10:50:50 a.m.
TestDigiturno : Conexion Digiturno: CORRECTO.
*******************************************************************************
17/04/2018 10:50:50 a.m.
frm_Principal.Inicializar(), Ingresando en modo FULL OK 
*******************************************************************************
17/04/2018 10:50:50 a.m.
frm_Principal.borraDirTemporales(), Inicia
*******************************************************************************
17/04/2018 10:50:50 a.m.
frm_Principal.borraDirTemporales(), Termina OK
*******************************************************************************
17/04/2018 10:50:50 a.m.
Inicializar(), Terminando OK
*******************************************************************************
17/04/2018 10:55:14 a.m.
Inicializar(), Inciando KIOSCO Verion : 3.0.0.0
*******************************************************************************
17/04/2018 10:55:14 a.m.
frm_Principal.Inicializar(), Buscando Archivo de configuracion
*******************************************************************************
17/04/2018 10:55:14 a.m.
frm_Principal.Inicializar(), inicia Lectura Informacion Archivo de Configuracion
*******************************************************************************
17/04/2018 10:55:14 a.m.
frm_Principal.Inicializar(), Conectando webService DigTurno
*******************************************************************************
17/04/2018 10:55:14 a.m.
Iniciando Test de conexion a servidores modo (FULL).....
*******************************************************************************
17/04/2018 10:55:14 a.m.
VerificaFenix_GA2 : Conexion Fenix (CPVMP-515): CORRECTO.
*******************************************************************************
17/04/2018 10:55:14 a.m.
VerificaConexionBD : Conexion a BD Fenix: CORRECTO.
*******************************************************************************
17/04/2018 10:55:14 a.m.
antes de VerificaConexionGA2.if (!this.Conecta_BD_Ga2('001', st_ParamBd, ref inR_A001NUM_IDENTIFICACION))
*******************************************************************************
17/04/2018 10:55:14 a.m.
antes de Conecta_BD_Ga2.SqlDataReader rdr = objL_Consultas.EjecutaSP('SP_010_LEE_AFILIADO_GA2', st_Cedula);
*******************************************************************************
17/04/2018 10:55:15 a.m.
despues de Conecta_BD_Ga2.SqlDataReader rdr = objL_Consultas.EjecutaSP('SP_010_LEE_AFILIADO_GA2', st_Cedula);
*******************************************************************************
17/04/2018 10:55:15 a.m.
antes de Conecta_BD_Ga2.if (rdr != null)
*******************************************************************************
17/04/2018 10:55:15 a.m.
despu?s de Conecta_BD_Ga2.Conecta_BD_Ga2.if (rdr != null)
*******************************************************************************
17/04/2018 10:55:15 a.m.
antes de Conecta_BD_Ga2.rdr.Close()
*******************************************************************************
17/04/2018 10:55:15 a.m.
despues de Conecta_BD_Ga2.rdr.Close()
*******************************************************************************
17/04/2018 10:55:15 a.m.
antes de Conecta_BD_Ga2.objL_Consultas.CierraCOnexiones();
*******************************************************************************
17/04/2018 10:55:15 a.m.
despues de Conecta_BD_Ga2.objL_Consultas.CierraCOnexiones();
*******************************************************************************
17/04/2018 10:55:15 a.m.
VerificaConexionGA2 : Conexion_BD_Ga2: CORRECTO.
*******************************************************************************
17/04/2018 10:55:15 a.m.
TestDigiturno : Conexion Digiturno: CORRECTO.
*******************************************************************************
17/04/2018 10:55:15 a.m.
frm_Principal.Inicializar(), Ingresando en modo FULL OK 
*******************************************************************************
17/04/2018 10:55:15 a.m.
frm_Principal.borraDirTemporales(), Inicia
*******************************************************************************
17/04/2018 10:55:15 a.m.
frm_Principal.borraDirTemporales(), Termina OK
*******************************************************************************
17/04/2018 10:55:15 a.m.
Inicializar(), Terminando OK
*******************************************************************************
17/04/2018 10:55:31 a.m.
frm_Principal.CMD_Aceptar_Click(), Inicia ...
*******************************************************************************
17/04/2018 10:55:31 a.m.
frm_Principal.CMD_Aceptar_Click(), Inicia Proceso para CEDULA : 80755565
*******************************************************************************
17/04/2018 10:55:31 a.m.
frm_Principal.CMD_Aceptar_Click(), Validando aDIRECTOR (CPVMP-515:4114)
*******************************************************************************
17/04/2018 10:55:31 a.m.
frm_Principal.CMD_Aceptar_Click(),  aDIRECTOR OK ...
*******************************************************************************
17/04/2018 10:55:31 a.m.
frm_Principal.consultaCedulaEnGA2(),  Ejecutando SP: SP_010_LEE_AFILIADO_GA2 para cc: 80755565
*******************************************************************************
17/04/2018 10:55:31 a.m.
frm_Principal.consultaCedulaEnGA2(),  rdr OK ...
*******************************************************************************
17/04/2018 10:55:31 a.m.
frm_Principal.CMD_Aceptar_Click(), Se obtuvieron resultados de SP: SP_010_LEE_AFILIADO_GA2 para cc: 80755565
*******************************************************************************
17/04/2018 10:55:31 a.m.
frm_Principal.CMD_Aceptar_Click(),  Iniciando THREAD para : 80755565
*******************************************************************************
17/04/2018 10:55:31 a.m.
frm_Principal.ActivaEscaner(),  Cargando dispositivo de Huella ...
*******************************************************************************
17/04/2018 10:55:31 a.m.
frm_Principal.ActivaEscaner(),  Licencias de Huella Ok
*******************************************************************************
17/04/2018 10:55:31 a.m.
frm_Principal.ActivaEscaner(),  Estado del Huellero OK 
*******************************************************************************
17/04/2018 10:55:32 a.m.
frm_Principal.cambiaPantallas(),  Inicia ...
*******************************************************************************
17/04/2018 10:55:32 a.m.
frm_Principal.cambiaPantallas(),  PANEL_CAPTURA_HUELLA
*******************************************************************************
17/04/2018 10:55:32 a.m.
frm_Principal.StartTiemrHuella(),  Iniciando ...
*******************************************************************************
17/04/2018 10:55:32 a.m.
frm_Principal.StartTimer(),  Iniciando ...
*******************************************************************************
17/04/2018 10:55:32 a.m.
frm_Principal.StartTimer(), Termina
*******************************************************************************
17/04/2018 10:55:32 a.m.
frm_Principal.cambiaPantallas(),  Termina OK
*******************************************************************************
17/04/2018 10:55:32 a.m.
frm_Principal.CMD_Aceptar_Click(),  Iniciando THREAD para : 80755565
*******************************************************************************
17/04/2018 10:55:32 a.m.
frm_Principal.CMD_Aceptar_Click(), Termina OK
