*******************************************************************************
27/11/2017 11:42:15 a.m.
Inicializar(), Inciando KIOSCO Verion : 3.0.0.0
*******************************************************************************
27/11/2017 11:42:15 a.m.
frm_Principal.Inicializar(), Buscando Archivo de configuracion
*******************************************************************************
27/11/2017 11:42:15 a.m.
frm_Principal.Inicializar(), ERROR No tengo acceso al archivo de configuracion 
*******************************************************************************
27/11/2017 11:42:15 a.m.
frm_Principal.borraDirTemporales(), Inicia
*******************************************************************************
27/11/2017 11:42:15 a.m.
frm_Principal.borraDirTemporales(), Termina OK
*******************************************************************************
27/11/2017 11:42:15 a.m.
Inicializar(), Terminando OK
*******************************************************************************
27/11/2017 11:42:41 a.m.
Inicializar(), Inciando KIOSCO Verion : 3.0.0.0
*******************************************************************************
27/11/2017 11:42:41 a.m.
frm_Principal.Inicializar(), Buscando Archivo de configuracion
*******************************************************************************
27/11/2017 11:42:41 a.m.
frm_Principal.Inicializar(), ERROR No tengo acceso al archivo de configuracion 
*******************************************************************************
27/11/2017 11:42:41 a.m.
frm_Principal.borraDirTemporales(), Inicia
*******************************************************************************
27/11/2017 11:42:41 a.m.
frm_Principal.borraDirTemporales(), Termina OK
*******************************************************************************
27/11/2017 11:42:41 a.m.
Inicializar(), Terminando OK
