*******************************************************************************
16/04/2018 09:36:01 a.m.
Inicializar(), Inciando KIOSCO Verion : 3.0.0.0
*******************************************************************************
16/04/2018 09:36:01 a.m.
frm_Principal.Inicializar(), Buscando Archivo de configuracion
*******************************************************************************
16/04/2018 09:36:01 a.m.
frm_Principal.Inicializar(), inicia Lectura Informacion Archivo de Configuracion
*******************************************************************************
16/04/2018 09:36:01 a.m.
frm_Principal.Inicializar(), Conectando webService DigTurno
*******************************************************************************
16/04/2018 09:36:01 a.m.
Iniciando Test de conexion a servidores modo (FULL).....
*******************************************************************************
16/04/2018 09:36:01 a.m.
VerificaFenix_GA2 : Conexion Fenix (CPVMP-515): CORRECTO.
*******************************************************************************
16/04/2018 09:36:01 a.m.
VerificaConexionBD : Conexion a BD Fenix: CORRECTO.
*******************************************************************************
16/04/2018 09:36:01 a.m.
antes de VerificaConexionGA2.if (!this.Conecta_BD_Ga2('001', st_ParamBd, ref inR_A001NUM_IDENTIFICACION))
*******************************************************************************
16/04/2018 09:36:01 a.m.
antes de Conecta_BD_Ga2.SqlDataReader rdr = objL_Consultas.EjecutaSP('SP_010_LEE_AFILIADO_GA2', st_Cedula);
*******************************************************************************
16/04/2018 09:36:02 a.m.
despues de Conecta_BD_Ga2.SqlDataReader rdr = objL_Consultas.EjecutaSP('SP_010_LEE_AFILIADO_GA2', st_Cedula);
*******************************************************************************
16/04/2018 09:36:02 a.m.
antes de Conecta_BD_Ga2.if (rdr != null)
*******************************************************************************
16/04/2018 09:36:02 a.m.
despu?s de Conecta_BD_Ga2.Conecta_BD_Ga2.if (rdr != null)
*******************************************************************************
16/04/2018 09:36:02 a.m.
antes de Conecta_BD_Ga2.rdr.Close()
*******************************************************************************
16/04/2018 09:36:02 a.m.
despues de Conecta_BD_Ga2.rdr.Close()
*******************************************************************************
16/04/2018 09:36:02 a.m.
antes de Conecta_BD_Ga2.objL_Consultas.CierraCOnexiones();
*******************************************************************************
16/04/2018 09:36:02 a.m.
despues de Conecta_BD_Ga2.objL_Consultas.CierraCOnexiones();
*******************************************************************************
16/04/2018 09:36:02 a.m.
VerificaConexionGA2 : Conexion_BD_Ga2: CORRECTO.
*******************************************************************************
16/04/2018 09:36:02 a.m.
TestDigiturno : Conexion Digiturno: CORRECTO.
*******************************************************************************
16/04/2018 09:36:02 a.m.
frm_Principal.Inicializar(), Ingresando en modo FULL OK 
*******************************************************************************
16/04/2018 09:36:02 a.m.
frm_Principal.borraDirTemporales(), Inicia
*******************************************************************************
16/04/2018 09:36:02 a.m.
frm_Principal.borraDirTemporales(), Termina OK
*******************************************************************************
16/04/2018 09:36:02 a.m.
Inicializar(), Terminando OK
*******************************************************************************
16/04/2018 09:36:05 a.m.
frm_Principal.cambiaPantallas(),  Inicia ...
*******************************************************************************
16/04/2018 09:36:05 a.m.
frm_Principal.cambiaPantallas(),  PANEL TURNOS
*******************************************************************************
16/04/2018 09:36:05 a.m.
frm_Principal.cambiaPantallas(),  Termina OK
*******************************************************************************
16/04/2018 09:36:06 a.m.
frm_Principal.cambiaPantallas(),  Inicia ...
*******************************************************************************
16/04/2018 09:36:06 a.m.
frm_Principal.cambiaPantallas(), PANEL_TECLADO_INICIAL
*******************************************************************************
16/04/2018 09:36:06 a.m.
frm_Principal.cambiaPantallas(),  Termina OK
*******************************************************************************
16/04/2018 09:36:32 a.m.
frm_Principal.CMD_Aceptar_Click(), Inicia ...
*******************************************************************************
16/04/2018 09:36:32 a.m.
frm_Principal.CMD_Aceptar_Click(), Inicia Proceso para CEDULA : 80755565
*******************************************************************************
16/04/2018 09:36:32 a.m.
frm_Principal.CMD_Aceptar_Click(), Validando aDIRECTOR (CPVMP-515:4114)
*******************************************************************************
16/04/2018 09:36:32 a.m.
frm_Principal.CMD_Aceptar_Click(),  aDIRECTOR OK ...
*******************************************************************************
16/04/2018 09:36:32 a.m.
frm_Principal.consultaCedulaEnGA2(),  Ejecutando SP: SP_010_LEE_AFILIADO_GA2 para cc: 80755565
*******************************************************************************
16/04/2018 09:36:32 a.m.
frm_Principal.consultaCedulaEnGA2(),  rdr OK ...
*******************************************************************************
16/04/2018 09:36:32 a.m.
frm_Principal.CMD_Aceptar_Click(), Se obtuvieron resultados de SP: SP_010_LEE_AFILIADO_GA2 para cc: 80755565
*******************************************************************************
16/04/2018 09:36:32 a.m.
frm_Principal.CMD_Aceptar_Click(),  Iniciando THREAD para : 80755565
*******************************************************************************
16/04/2018 09:36:32 a.m.
frm_Principal.cambiaPantallas(),  Inicia ...
*******************************************************************************
16/04/2018 09:36:32 a.m.
frm_Principal.cambiaPantallas(),  PANEL TURNOS  
*******************************************************************************
16/04/2018 09:36:32 a.m.
frm_Principal.cambiaPantallas(),  Termina OK
*******************************************************************************
16/04/2018 09:36:32 a.m.
frm_Principal.CMD_Aceptar_Click(), Termina OK
*******************************************************************************
16/04/2018 09:36:41 a.m.
frm_Principal.LimpiaPantallas(), Inicia ...
*******************************************************************************
16/04/2018 09:36:41 a.m.
frm_Principal.StopTimer(), Inicio
*******************************************************************************
16/04/2018 09:36:41 a.m.
frm_Principal.StopTimer(), Termina
*******************************************************************************
16/04/2018 09:36:41 a.m.
frm_Principal.StopTiemrHuella(),  Iniciando ...
*******************************************************************************
16/04/2018 09:36:41 a.m.
frm_Principal.detieneEscaner(), Inicia
*******************************************************************************
16/04/2018 09:36:41 a.m.
frm_Principal.VuelveInicio(), Inicia ...
*******************************************************************************
16/04/2018 09:36:41 a.m.
frm_Principal.VuelveInicio(), Modo FULL detectado ..
*******************************************************************************
16/04/2018 09:36:41 a.m.
frm_Principal.VuelveInicio(), TERMINA OK : 
*******************************************************************************
16/04/2018 09:36:41 a.m.
frm_Principal.LimpiaPantallas(), Modo FULL detectado ..
*******************************************************************************
16/04/2018 09:36:41 a.m.
frm_Principal.LimpiaPantallas(), TERMINA OK : C?dula...
*******************************************************************************
16/04/2018 09:43:58 a.m.
frm_Principal.CMD_Prioritario_Click(), Inicia ...
*******************************************************************************
16/04/2018 09:43:58 a.m.
frm_Principal.CMD_Prioritario_Click(), Numero de cedula no valido : C?dula...
*******************************************************************************
16/04/2018 09:43:59 a.m.
frm_Principal.CMD_Prioritario_Click(), Inicia ...
*******************************************************************************
16/04/2018 09:43:59 a.m.
frm_Principal.CMD_Prioritario_Click(), Numero de cedula no valido : C?dula...
*******************************************************************************
16/04/2018 09:44:00 a.m.
frm_Principal.CMD_Prioritario_Click(), Inicia ...
*******************************************************************************
16/04/2018 09:44:00 a.m.
frm_Principal.CMD_Prioritario_Click(), Numero de cedula no valido : C?dula...
*******************************************************************************
16/04/2018 09:44:03 a.m.
frm_Principal.cambiaPantallas(),  Inicia ...
*******************************************************************************
16/04/2018 09:44:03 a.m.
frm_Principal.cambiaPantallas(),  PANEL TURNOS
*******************************************************************************
16/04/2018 09:44:03 a.m.
frm_Principal.cambiaPantallas(),  Termina OK
*******************************************************************************
16/04/2018 09:44:04 a.m.
frm_Principal.cambiaPantallas(),  Inicia ...
*******************************************************************************
16/04/2018 09:44:04 a.m.
frm_Principal.cambiaPantallas(), PANEL_TECLADO_INICIAL
*******************************************************************************
16/04/2018 09:44:04 a.m.
frm_Principal.cambiaPantallas(),  Termina OK
*******************************************************************************
16/04/2018 09:44:08 a.m.
frm_Principal.LimpiaPantallas(), Inicia ...
*******************************************************************************
16/04/2018 09:44:08 a.m.
frm_Principal.StopTimer(), Inicio
*******************************************************************************
16/04/2018 09:44:08 a.m.
frm_Principal.StopTimer(), Termina
*******************************************************************************
16/04/2018 09:44:08 a.m.
frm_Principal.StopTiemrHuella(),  Iniciando ...
*******************************************************************************
16/04/2018 09:44:08 a.m.
frm_Principal.detieneEscaner(), Inicia
*******************************************************************************
16/04/2018 09:44:08 a.m.
frm_Principal.VuelveInicio(), Inicia ...
*******************************************************************************
16/04/2018 09:44:08 a.m.
frm_Principal.VuelveInicio(), Modo FULL detectado ..
*******************************************************************************
16/04/2018 09:44:08 a.m.
frm_Principal.VuelveInicio(), TERMINA OK : 
*******************************************************************************
16/04/2018 09:44:08 a.m.
frm_Principal.LimpiaPantallas(), Modo FULL detectado ..
*******************************************************************************
16/04/2018 09:44:08 a.m.
frm_Principal.LimpiaPantallas(), TERMINA OK : C?dula...
*******************************************************************************
16/04/2018 09:53:14 a.m.
Inicializar(), Inciando KIOSCO Verion : 3.0.0.0
*******************************************************************************
16/04/2018 09:53:14 a.m.
frm_Principal.Inicializar(), Buscando Archivo de configuracion
*******************************************************************************
16/04/2018 09:53:14 a.m.
frm_Principal.Inicializar(), inicia Lectura Informacion Archivo de Configuracion
*******************************************************************************
16/04/2018 09:53:15 a.m.
frm_Principal.Inicializar(), Conectando webService DigTurno
*******************************************************************************
16/04/2018 09:53:15 a.m.
Iniciando Test de conexion a servidores modo (FULL).....
*******************************************************************************
16/04/2018 09:53:15 a.m.
VerificaFenix_GA2 : Conexion Fenix (CPVMP-515): CORRECTO.
*******************************************************************************
16/04/2018 09:53:15 a.m.
VerificaConexionBD : Conexion a BD Fenix: CORRECTO.
*******************************************************************************
16/04/2018 09:53:15 a.m.
antes de VerificaConexionGA2.if (!this.Conecta_BD_Ga2('001', st_ParamBd, ref inR_A001NUM_IDENTIFICACION))
*******************************************************************************
16/04/2018 09:53:15 a.m.
antes de Conecta_BD_Ga2.SqlDataReader rdr = objL_Consultas.EjecutaSP('SP_010_LEE_AFILIADO_GA2', st_Cedula);
*******************************************************************************
16/04/2018 09:53:16 a.m.
despues de Conecta_BD_Ga2.SqlDataReader rdr = objL_Consultas.EjecutaSP('SP_010_LEE_AFILIADO_GA2', st_Cedula);
*******************************************************************************
16/04/2018 09:53:16 a.m.
antes de Conecta_BD_Ga2.if (rdr != null)
*******************************************************************************
16/04/2018 09:53:16 a.m.
despu?s de Conecta_BD_Ga2.Conecta_BD_Ga2.if (rdr != null)
*******************************************************************************
16/04/2018 09:53:16 a.m.
antes de Conecta_BD_Ga2.rdr.Close()
*******************************************************************************
16/04/2018 09:53:16 a.m.
despues de Conecta_BD_Ga2.rdr.Close()
*******************************************************************************
16/04/2018 09:53:16 a.m.
antes de Conecta_BD_Ga2.objL_Consultas.CierraCOnexiones();
*******************************************************************************
16/04/2018 09:53:16 a.m.
despues de Conecta_BD_Ga2.objL_Consultas.CierraCOnexiones();
*******************************************************************************
16/04/2018 09:53:16 a.m.
VerificaConexionGA2 : Conexion_BD_Ga2: CORRECTO.
*******************************************************************************
16/04/2018 09:53:16 a.m.
TestDigiturno : Conexion Digiturno: CORRECTO.
*******************************************************************************
16/04/2018 09:53:16 a.m.
frm_Principal.Inicializar(), Ingresando en modo FULL OK 
*******************************************************************************
16/04/2018 09:53:16 a.m.
frm_Principal.borraDirTemporales(), Inicia
*******************************************************************************
16/04/2018 09:53:16 a.m.
frm_Principal.borraDirTemporales(), Termina OK
*******************************************************************************
16/04/2018 09:53:16 a.m.
Inicializar(), Terminando OK
*******************************************************************************
16/04/2018 09:53:40 a.m.
frm_Principal.cambiaPantallas(),  Inicia ...
*******************************************************************************
16/04/2018 09:53:40 a.m.
frm_Principal.cambiaPantallas(),  PANEL TURNOS
*******************************************************************************
16/04/2018 09:53:40 a.m.
frm_Principal.cambiaPantallas(),  Termina OK
*******************************************************************************
16/04/2018 09:54:16 a.m.
frm_Principal.cambiaPantallas(),  Inicia ...
*******************************************************************************
16/04/2018 09:54:16 a.m.
frm_Principal.cambiaPantallas(), PANEL_TECLADO_INICIAL
*******************************************************************************
16/04/2018 09:54:16 a.m.
frm_Principal.cambiaPantallas(),  Termina OK
*******************************************************************************
16/04/2018 09:57:18 a.m.
frm_Principal.CMD_Aceptar_Click(), Inicia ...
*******************************************************************************
16/04/2018 09:57:18 a.m.
frm_Principal.CMD_Aceptar_Click(), Inicia Proceso para CEDULA : 875426
*******************************************************************************
16/04/2018 09:57:18 a.m.
frm_Principal.CMD_Aceptar_Click(), Validando aDIRECTOR (CPVMP-515:4114)
*******************************************************************************
16/04/2018 09:57:18 a.m.
frm_Principal.CMD_Aceptar_Click(),  aDIRECTOR OK ...
*******************************************************************************
16/04/2018 09:57:18 a.m.
frm_Principal.consultaCedulaEnGA2(),  Ejecutando SP: SP_010_LEE_AFILIADO_GA2 para cc: 875426
*******************************************************************************
16/04/2018 09:57:18 a.m.
frm_Principal.consultaCedulaEnGA2(),  rdr OK ...
*******************************************************************************
16/04/2018 09:57:18 a.m.
frm_Principal.consultaCedulaEnGA2(),  ERROR No hay registro
*******************************************************************************
16/04/2018 09:57:18 a.m.
frm_Principal.CMD_Aceptar_Click(), Turno General para : 875426
*******************************************************************************
16/04/2018 09:57:18 a.m.
frm_Principal.CMD_Aceptar_Click(), Alerta : * NO REGISTRADO EN GA2
*******************************************************************************
16/04/2018 09:57:18 a.m.
El n?mero de documento ingresado: 875426. No pertenece a un afiliado. Se asignar? turno de informaci?n general.
*******************************************************************************
16/04/2018 09:57:20 a.m.
frm_Principal.StopTimer(), Inicio
*******************************************************************************
16/04/2018 09:57:20 a.m.
frm_Principal.StopTimer(), Termina
*******************************************************************************
16/04/2018 09:57:20 a.m.
frm_Principal.StopTiemrHuella(),  Iniciando ...
*******************************************************************************
16/04/2018 09:57:20 a.m.
frm_Principal.detieneEscaner(), Inicia
*******************************************************************************
16/04/2018 09:57:20 a.m.
frm_Principal.VuelveInicio(), Inicia ...
*******************************************************************************
16/04/2018 09:57:20 a.m.
frm_Principal.VuelveInicio(), Modo FULL detectado ..
*******************************************************************************
16/04/2018 09:57:20 a.m.
frm_Principal.VuelveInicio(), TERMINA OK : 
*******************************************************************************
16/04/2018 09:57:20 a.m.
frm_Principal.StopTimer(), Inicio
*******************************************************************************
16/04/2018 09:57:20 a.m.
frm_Principal.StopTimer(), Termina
*******************************************************************************
16/04/2018 09:57:20 a.m.
frm_Principal.StopTiemrHuella(),  Iniciando ...
*******************************************************************************
16/04/2018 09:57:20 a.m.
frm_Principal.detieneEscaner(), Inicia
*******************************************************************************
16/04/2018 09:57:20 a.m.
frm_Principal.VuelveInicio(), Inicia ...
*******************************************************************************
16/04/2018 09:57:20 a.m.
frm_Principal.VuelveInicio(), Saliendo, ejecucion no permitida ejecutaFuncionArreglaPantalla = False
*******************************************************************************
16/04/2018 09:57:20 a.m.
frm_Principal.VuelveInicio(), Modo FULL detectado ..
*******************************************************************************
16/04/2018 09:57:20 a.m.
frm_Principal.VuelveInicio(), TERMINA OK : 
*******************************************************************************
16/04/2018 09:57:20 a.m.
frm_Principal.CMD_Aceptar_Click(), Termina OK
*******************************************************************************
16/04/2018 09:57:21 a.m.
frm_Principal.CMD_Prioritario_Click(), Inicia ...
*******************************************************************************
16/04/2018 09:57:21 a.m.
frm_Principal.CMD_Prioritario_Click(), Numero de cedula no valido : C?dula...
*******************************************************************************
16/04/2018 09:57:32 a.m.
frm_Principal.CMD_Aceptar_Click(), Inicia ...
*******************************************************************************
16/04/2018 09:57:32 a.m.
frm_Principal.CMD_Aceptar_Click(), Inicia Proceso para CEDULA : 807552507
*******************************************************************************
16/04/2018 09:57:32 a.m.
frm_Principal.CMD_Aceptar_Click(), Validando aDIRECTOR (CPVMP-515:4114)
*******************************************************************************
16/04/2018 09:57:32 a.m.
frm_Principal.CMD_Aceptar_Click(),  aDIRECTOR OK ...
*******************************************************************************
16/04/2018 09:57:32 a.m.
frm_Principal.consultaCedulaEnGA2(),  Ejecutando SP: SP_010_LEE_AFILIADO_GA2 para cc: 807552507
*******************************************************************************
16/04/2018 09:57:32 a.m.
frm_Principal.consultaCedulaEnGA2(),  rdr OK ...
*******************************************************************************
16/04/2018 09:57:32 a.m.
frm_Principal.consultaCedulaEnGA2(),  ERROR No hay registro
*******************************************************************************
16/04/2018 09:57:32 a.m.
frm_Principal.CMD_Aceptar_Click(), Turno General para : 807552507
*******************************************************************************
16/04/2018 09:57:32 a.m.
frm_Principal.CMD_Aceptar_Click(), Alerta : * NO REGISTRADO EN GA2
*******************************************************************************
16/04/2018 09:57:32 a.m.
frm_Principal.CMD_Aceptar_Click(), TURNO GENERAL : * NO REGISTRADO EN GA2
*******************************************************************************
16/04/2018 09:57:35 a.m.
El n?mero de documento ingresado: 807552507. No pertenece a un afiliado. Se asignar? turno de informaci?n general.
*******************************************************************************
16/04/2018 09:57:35 a.m.
Accion cancelada. VuelveInicio
*******************************************************************************
16/04/2018 09:57:35 a.m.
frm_Principal.StopTimer(), Inicio
*******************************************************************************
16/04/2018 09:57:35 a.m.
frm_Principal.StopTimer(), Termina
*******************************************************************************
16/04/2018 09:57:35 a.m.
frm_Principal.StopTiemrHuella(),  Iniciando ...
*******************************************************************************
16/04/2018 09:57:35 a.m.
frm_Principal.detieneEscaner(), Inicia
*******************************************************************************
16/04/2018 09:57:35 a.m.
frm_Principal.VuelveInicio(), Inicia ...
*******************************************************************************
16/04/2018 09:57:35 a.m.
frm_Principal.VuelveInicio(), Modo FULL detectado ..
*******************************************************************************
16/04/2018 09:57:35 a.m.
frm_Principal.VuelveInicio(), TERMINA OK : 
*******************************************************************************
16/04/2018 09:57:35 a.m.
frm_Principal.StopTimer(), Inicio
*******************************************************************************
16/04/2018 09:57:35 a.m.
frm_Principal.StopTimer(), Termina
*******************************************************************************
16/04/2018 09:57:35 a.m.
frm_Principal.StopTiemrHuella(),  Iniciando ...
*******************************************************************************
16/04/2018 09:57:35 a.m.
frm_Principal.detieneEscaner(), Inicia
*******************************************************************************
16/04/2018 09:57:35 a.m.
frm_Principal.VuelveInicio(), Inicia ...
*******************************************************************************
16/04/2018 09:57:35 a.m.
frm_Principal.VuelveInicio(), Saliendo, ejecucion no permitida ejecutaFuncionArreglaPantalla = False
*******************************************************************************
16/04/2018 09:57:35 a.m.
frm_Principal.VuelveInicio(), Modo FULL detectado ..
*******************************************************************************
16/04/2018 09:57:35 a.m.
frm_Principal.VuelveInicio(), TERMINA OK : 
*******************************************************************************
16/04/2018 09:57:35 a.m.
frm_Principal.CMD_Aceptar_Click(), Termina OK
*******************************************************************************
16/04/2018 09:57:36 a.m.
frm_Principal.cambiaPantallas(),  Inicia ...
*******************************************************************************
16/04/2018 09:57:36 a.m.
frm_Principal.cambiaPantallas(),  PANEL TURNOS
*******************************************************************************
16/04/2018 09:57:36 a.m.
frm_Principal.cambiaPantallas(),  Termina OK
*******************************************************************************
16/04/2018 09:57:37 a.m.
frm_Principal.cambiaPantallas(),  Inicia ...
*******************************************************************************
16/04/2018 09:57:37 a.m.
frm_Principal.cambiaPantallas(), PANEL_TECLADO_INICIAL
*******************************************************************************
16/04/2018 09:57:37 a.m.
frm_Principal.cambiaPantallas(),  Termina OK
*******************************************************************************
16/04/2018 09:57:54 a.m.
frm_Principal.CMD_Aceptar_Click(), Inicia ...
*******************************************************************************
16/04/2018 09:57:54 a.m.
frm_Principal.CMD_Aceptar_Click(), Inicia Proceso para CEDULA : 79345472
*******************************************************************************
16/04/2018 09:57:54 a.m.
frm_Principal.CMD_Aceptar_Click(), Validando aDIRECTOR (CPVMP-515:4114)
*******************************************************************************
16/04/2018 09:57:54 a.m.
frm_Principal.CMD_Aceptar_Click(),  aDIRECTOR OK ...
*******************************************************************************
16/04/2018 09:57:54 a.m.
frm_Principal.consultaCedulaEnGA2(),  Ejecutando SP: SP_010_LEE_AFILIADO_GA2 para cc: 79345472
*******************************************************************************
16/04/2018 09:57:54 a.m.
frm_Principal.consultaCedulaEnGA2(),  rdr OK ...
*******************************************************************************
16/04/2018 09:57:54 a.m.
frm_Principal.CMD_Aceptar_Click(), Se obtuvieron resultados de SP: SP_010_LEE_AFILIADO_GA2 para cc: 79345472
*******************************************************************************
16/04/2018 09:57:54 a.m.
frm_Principal.CMD_Aceptar_Click(),  Iniciando THREAD para : 79345472
*******************************************************************************
16/04/2018 09:57:54 a.m.
frm_Principal.cambiaPantallas(),  Inicia ...
*******************************************************************************
16/04/2018 09:57:54 a.m.
frm_Principal.cambiaPantallas(),  PANEL TURNOS  
*******************************************************************************
16/04/2018 09:57:55 a.m.
frm_Principal.cambiaPantallas(),  Termina OK
*******************************************************************************
16/04/2018 09:57:55 a.m.
frm_Principal.CMD_Aceptar_Click(), Termina OK
*******************************************************************************
16/04/2018 09:58:01 a.m.
frm_Principal.LimpiaPantallas(), Inicia ...
*******************************************************************************
16/04/2018 09:58:01 a.m.
frm_Principal.StopTimer(), Inicio
*******************************************************************************
16/04/2018 09:58:01 a.m.
frm_Principal.StopTimer(), Termina
*******************************************************************************
16/04/2018 09:58:01 a.m.
frm_Principal.StopTiemrHuella(),  Iniciando ...
*******************************************************************************
16/04/2018 09:58:01 a.m.
frm_Principal.detieneEscaner(), Inicia
*******************************************************************************
16/04/2018 09:58:01 a.m.
frm_Principal.VuelveInicio(), Inicia ...
*******************************************************************************
16/04/2018 09:58:01 a.m.
frm_Principal.VuelveInicio(), Modo FULL detectado ..
*******************************************************************************
16/04/2018 09:58:01 a.m.
frm_Principal.VuelveInicio(), TERMINA OK : 
*******************************************************************************
16/04/2018 09:58:01 a.m.
frm_Principal.LimpiaPantallas(), Modo FULL detectado ..
*******************************************************************************
16/04/2018 09:58:01 a.m.
frm_Principal.LimpiaPantallas(), TERMINA OK : C?dula...
*******************************************************************************
16/04/2018 09:58:18 a.m.
frm_Principal.CMD_Aceptar_Click(), Inicia ...
*******************************************************************************
16/04/2018 09:58:18 a.m.
frm_Principal.CMD_Aceptar_Click(), Inicia Proceso para CEDULA : 79345472
*******************************************************************************
16/04/2018 09:58:18 a.m.
frm_Principal.CMD_Aceptar_Click(), Validando aDIRECTOR (CPVMP-515:4114)
*******************************************************************************
16/04/2018 09:58:18 a.m.
frm_Principal.CMD_Aceptar_Click(),  aDIRECTOR OK ...
*******************************************************************************
16/04/2018 09:58:18 a.m.
frm_Principal.consultaCedulaEnGA2(),  Ejecutando SP: SP_010_LEE_AFILIADO_GA2 para cc: 79345472
*******************************************************************************
16/04/2018 09:58:18 a.m.
frm_Principal.consultaCedulaEnGA2(),  rdr OK ...
*******************************************************************************
16/04/2018 09:58:18 a.m.
frm_Principal.CMD_Aceptar_Click(), Se obtuvieron resultados de SP: SP_010_LEE_AFILIADO_GA2 para cc: 79345472
*******************************************************************************
16/04/2018 09:58:18 a.m.
frm_Principal.CMD_Aceptar_Click(),  Iniciando THREAD para : 79345472
*******************************************************************************
16/04/2018 09:58:18 a.m.
frm_Principal.ActivaEscaner(),  Cargando dispositivo de Huella ...
*******************************************************************************
16/04/2018 09:58:18 a.m.
frm_Principal.ActivaEscaner(),  Licencias de Huella Ok
*******************************************************************************
16/04/2018 09:58:18 a.m.
frm_Principal.ActivaEscaner(),  Estado del Huellero OK 
*******************************************************************************
16/04/2018 09:58:18 a.m.
frm_Principal.cambiaPantallas(),  Inicia ...
*******************************************************************************
16/04/2018 09:58:18 a.m.
frm_Principal.cambiaPantallas(),  PANEL_CAPTURA_HUELLA
*******************************************************************************
16/04/2018 09:58:19 a.m.
frm_Principal.StartTiemrHuella(),  Iniciando ...
*******************************************************************************
16/04/2018 09:58:19 a.m.
frm_Principal.StartTimer(),  Iniciando ...
*******************************************************************************
16/04/2018 09:58:19 a.m.
frm_Principal.StartTimer(), Termina
*******************************************************************************
16/04/2018 09:58:19 a.m.
frm_Principal.cambiaPantallas(),  Termina OK
*******************************************************************************
16/04/2018 09:58:19 a.m.
frm_Principal.CMD_Aceptar_Click(),  Iniciando THREAD para : 79345472
*******************************************************************************
16/04/2018 09:58:19 a.m.
frm_Principal.CMD_Aceptar_Click(), Termina OK
*******************************************************************************
16/04/2018 09:58:22 a.m.
frm_Principal.dev_avisarTermine(), Inicia ..
*******************************************************************************
16/04/2018 09:58:22 a.m.
frm_Principal.dev_avisarTermine(), Termina ..
*******************************************************************************
16/04/2018 09:58:22 a.m.
frm_Principal.haceTodo(), Inicia ... : 79345472 :: 1
*******************************************************************************
16/04/2018 09:58:22 a.m.
frm_Principal.haceTodo(), Huella Capturada OK : 79345472
*******************************************************************************
16/04/2018 09:58:22 a.m.
frm_Principal.dev_ListoGrabar(), Imagen y Template OK : 79345472
*******************************************************************************
16/04/2018 09:58:22 a.m.
Manage_Template : enviando solicitud de verificacion para cc: 79345472
*******************************************************************************
16/04/2018 09:58:23 a.m.
172.16.2.249:4114 FENIXVerificar(): DATOS ENVIADOS :3529
*******************************************************************************
16/04/2018 09:58:23 a.m.
Respuesta desde el servidor 172.16.2.249 FENIX-Verificar TRANSMISIONok
*******************************************************************************
16/04/2018 09:58:24 a.m.
frm_Principal.dev_ListoGrabar(), Respuesta de validacion en SERVIDOR : 79345472 :: Respta3003
*******************************************************************************
16/04/2018 09:58:24 a.m.
No corresponde al numero proporcionado se envia a info general no afi
*******************************************************************************
16/04/2018 09:58:29 a.m.
El registro de huella no coincide con N. de documento: 79345472. Debe generar turno para informaci?n general.
*******************************************************************************
16/04/2018 09:58:29 a.m.
Accion cancelada
*******************************************************************************
16/04/2018 09:58:29 a.m.
frm_Principal.StopTimer(), Inicio
*******************************************************************************
16/04/2018 09:58:29 a.m.
frm_Principal.StopTimer(), Termina
*******************************************************************************
16/04/2018 09:58:29 a.m.
frm_Principal.StopTiemrHuella(),  Iniciando ...
*******************************************************************************
16/04/2018 09:58:29 a.m.
frm_Principal.detieneEscaner(), Inicia
*******************************************************************************
16/04/2018 09:58:32 a.m.
frm_Principal.detieneEscaner(), Cancelando Escaner ... 
*******************************************************************************
16/04/2018 09:58:32 a.m.
frm_Principal.detieneEscaner(), Deteniendo Escaner ... 
*******************************************************************************
16/04/2018 09:58:32 a.m.
frm_Principal.detieneEscaner(), Escaner detenido OK
*******************************************************************************
16/04/2018 09:58:32 a.m.
frm_Principal.VuelveInicio(), Inicia ...
*******************************************************************************
16/04/2018 09:58:32 a.m.
frm_Principal.VuelveInicio(), Modo FULL detectado ..
*******************************************************************************
16/04/2018 09:58:32 a.m.
frm_Principal.VuelveInicio(), TERMINA OK : 
*******************************************************************************
16/04/2018 09:58:35 a.m.
frm_Principal.cambiaPantallas(),  Inicia ...
*******************************************************************************
16/04/2018 09:58:35 a.m.
frm_Principal.cambiaPantallas(),  PANEL TURNOS
*******************************************************************************
16/04/2018 09:58:35 a.m.
frm_Principal.cambiaPantallas(),  Termina OK
*******************************************************************************
16/04/2018 09:58:38 a.m.
frm_Principal.cambiaPantallas(),  Inicia ...
*******************************************************************************
16/04/2018 09:58:38 a.m.
frm_Principal.cambiaPantallas(), PANEL_TECLADO_INICIAL
*******************************************************************************
16/04/2018 09:58:38 a.m.
frm_Principal.cambiaPantallas(),  Termina OK
*******************************************************************************
16/04/2018 09:58:53 a.m.
frm_Principal.CMD_Aceptar_Click(), Inicia ...
*******************************************************************************
16/04/2018 09:58:53 a.m.
frm_Principal.CMD_Aceptar_Click(), Inicia Proceso para CEDULA : 79345472
*******************************************************************************
16/04/2018 09:58:53 a.m.
frm_Principal.CMD_Aceptar_Click(), Validando aDIRECTOR (CPVMP-515:4114)
*******************************************************************************
16/04/2018 09:58:53 a.m.
frm_Principal.CMD_Aceptar_Click(),  aDIRECTOR OK ...
*******************************************************************************
16/04/2018 09:58:53 a.m.
frm_Principal.consultaCedulaEnGA2(),  Ejecutando SP: SP_010_LEE_AFILIADO_GA2 para cc: 79345472
*******************************************************************************
16/04/2018 09:58:53 a.m.
frm_Principal.consultaCedulaEnGA2(),  rdr OK ...
*******************************************************************************
16/04/2018 09:58:53 a.m.
frm_Principal.CMD_Aceptar_Click(), Se obtuvieron resultados de SP: SP_010_LEE_AFILIADO_GA2 para cc: 79345472
*******************************************************************************
16/04/2018 09:58:53 a.m.
frm_Principal.CMD_Aceptar_Click(),  Iniciando THREAD para : 79345472
*******************************************************************************
16/04/2018 09:58:53 a.m.
frm_Principal.cambiaPantallas(),  Inicia ...
*******************************************************************************
16/04/2018 09:58:53 a.m.
frm_Principal.cambiaPantallas(),  PANEL TURNOS  
*******************************************************************************
16/04/2018 09:58:53 a.m.
frm_Principal.cambiaPantallas(),  Termina OK
*******************************************************************************
16/04/2018 09:58:53 a.m.
frm_Principal.CMD_Aceptar_Click(), Termina OK
*******************************************************************************
16/04/2018 09:58:57 a.m.
frm_Principal.LimpiaPantallas(), Inicia ...
*******************************************************************************
16/04/2018 09:58:57 a.m.
frm_Principal.StopTimer(), Inicio
*******************************************************************************
16/04/2018 09:58:57 a.m.
frm_Principal.StopTimer(), Termina
*******************************************************************************
16/04/2018 09:58:57 a.m.
frm_Principal.StopTiemrHuella(),  Iniciando ...
*******************************************************************************
16/04/2018 09:58:57 a.m.
frm_Principal.detieneEscaner(), Inicia
*******************************************************************************
16/04/2018 09:58:57 a.m.
frm_Principal.VuelveInicio(), Inicia ...
*******************************************************************************
16/04/2018 09:58:57 a.m.
frm_Principal.VuelveInicio(), Modo FULL detectado ..
*******************************************************************************
16/04/2018 09:58:57 a.m.
frm_Principal.VuelveInicio(), TERMINA OK : 
*******************************************************************************
16/04/2018 09:58:57 a.m.
frm_Principal.LimpiaPantallas(), Modo FULL detectado ..
*******************************************************************************
16/04/2018 09:58:57 a.m.
frm_Principal.LimpiaPantallas(), TERMINA OK : C?dula...
