*******************************************************************************
17/04/2018 11:01:55 a.m.
Inicializar(), Inciando KIOSCO Verion : 3.0.0.0
*******************************************************************************
17/04/2018 11:01:55 a.m.
frm_Principal.Inicializar(), Buscando Archivo de configuracion
*******************************************************************************
17/04/2018 11:01:55 a.m.
frm_Principal.Inicializar(), inicia Lectura Informacion Archivo de Configuracion
*******************************************************************************
17/04/2018 11:01:55 a.m.
frm_Principal.Inicializar(), Conectando webService DigTurno
*******************************************************************************
17/04/2018 11:01:55 a.m.
Iniciando Test de conexion a servidores modo (FULL).....
*******************************************************************************
17/04/2018 11:01:55 a.m.
VerificaFenix_GA2 : Conexion Fenix (CPVMP-515): CORRECTO.
*******************************************************************************
17/04/2018 11:01:55 a.m.
VerificaConexionBD : Conexion a BD Fenix: CORRECTO.
*******************************************************************************
17/04/2018 11:01:55 a.m.
antes de VerificaConexionGA2.if (!this.Conecta_BD_Ga2('001', st_ParamBd, ref inR_A001NUM_IDENTIFICACION))
*******************************************************************************
17/04/2018 11:01:55 a.m.
antes de Conecta_BD_Ga2.SqlDataReader rdr = objL_Consultas.EjecutaSP('SP_010_LEE_AFILIADO_GA2', st_Cedula);
*******************************************************************************
17/04/2018 11:01:56 a.m.
despues de Conecta_BD_Ga2.SqlDataReader rdr = objL_Consultas.EjecutaSP('SP_010_LEE_AFILIADO_GA2', st_Cedula);
*******************************************************************************
17/04/2018 11:01:56 a.m.
antes de Conecta_BD_Ga2.if (rdr != null)
*******************************************************************************
17/04/2018 11:01:56 a.m.
despu?s de Conecta_BD_Ga2.Conecta_BD_Ga2.if (rdr != null)
*******************************************************************************
17/04/2018 11:01:56 a.m.
antes de Conecta_BD_Ga2.rdr.Close()
*******************************************************************************
17/04/2018 11:01:56 a.m.
despues de Conecta_BD_Ga2.rdr.Close()
*******************************************************************************
17/04/2018 11:01:56 a.m.
antes de Conecta_BD_Ga2.objL_Consultas.CierraCOnexiones();
*******************************************************************************
17/04/2018 11:01:56 a.m.
despues de Conecta_BD_Ga2.objL_Consultas.CierraCOnexiones();
*******************************************************************************
17/04/2018 11:01:56 a.m.
VerificaConexionGA2 : Conexion_BD_Ga2: CORRECTO.
*******************************************************************************
17/04/2018 11:01:56 a.m.
TestDigiturno : Conexion Digiturno: CORRECTO.
*******************************************************************************
17/04/2018 11:01:56 a.m.
frm_Principal.Inicializar(), Ingresando en modo FULL OK 
*******************************************************************************
17/04/2018 11:01:56 a.m.
frm_Principal.borraDirTemporales(), Inicia
*******************************************************************************
17/04/2018 11:01:56 a.m.
frm_Principal.borraDirTemporales(), Termina OK
*******************************************************************************
17/04/2018 11:01:56 a.m.
Inicializar(), Terminando OK
*******************************************************************************
17/04/2018 11:02:07 a.m.
frm_Principal.CMD_Aceptar_Click(), Inicia ...
*******************************************************************************
17/04/2018 11:02:07 a.m.
frm_Principal.CMD_Aceptar_Click(), Inicia Proceso para CEDULA : 80755565
*******************************************************************************
17/04/2018 11:02:07 a.m.
frm_Principal.CMD_Aceptar_Click(), Validando aDIRECTOR (CPVMP-515:4114)
*******************************************************************************
17/04/2018 11:02:07 a.m.
frm_Principal.CMD_Aceptar_Click(),  aDIRECTOR OK ...
*******************************************************************************
17/04/2018 11:02:07 a.m.
frm_Principal.consultaCedulaEnGA2(),  Ejecutando SP: SP_010_LEE_AFILIADO_GA2 para cc: 80755565
*******************************************************************************
17/04/2018 11:02:07 a.m.
frm_Principal.consultaCedulaEnGA2(),  rdr OK ...
*******************************************************************************
17/04/2018 11:02:07 a.m.
frm_Principal.CMD_Aceptar_Click(), Se obtuvieron resultados de SP: SP_010_LEE_AFILIADO_GA2 para cc: 80755565
*******************************************************************************
17/04/2018 11:02:07 a.m.
frm_Principal.CMD_Aceptar_Click(),  Iniciando THREAD para : 80755565
*******************************************************************************
17/04/2018 11:02:07 a.m.
frm_Principal.ActivaEscaner(),  Cargando dispositivo de Huella ...
*******************************************************************************
17/04/2018 11:02:07 a.m.
frm_Principal.ActivaEscaner(),  Licencias de Huella Ok
*******************************************************************************
17/04/2018 11:02:07 a.m.
frm_Principal.ActivaEscaner(),  Estado del Huellero OK 
*******************************************************************************
17/04/2018 11:02:08 a.m.
frm_Principal.cambiaPantallas(),  Inicia ...
*******************************************************************************
17/04/2018 11:02:08 a.m.
frm_Principal.cambiaPantallas(),  PANEL_CAPTURA_HUELLA
*******************************************************************************
17/04/2018 11:02:08 a.m.
frm_Principal.StartTiemrHuella(),  Iniciando ...
*******************************************************************************
17/04/2018 11:02:08 a.m.
frm_Principal.StartTimer(),  Iniciando ...
*******************************************************************************
17/04/2018 11:02:08 a.m.
frm_Principal.StartTimer(), Termina
*******************************************************************************
17/04/2018 11:02:08 a.m.
frm_Principal.cambiaPantallas(),  Termina OK
*******************************************************************************
17/04/2018 11:02:08 a.m.
frm_Principal.CMD_Aceptar_Click(),  Iniciando THREAD para : 80755565
*******************************************************************************
17/04/2018 11:02:08 a.m.
frm_Principal.CMD_Aceptar_Click(), Termina OK
*******************************************************************************
17/04/2018 11:02:11 a.m.
frm_Principal.dev_avisarTermine(), Inicia ..
*******************************************************************************
17/04/2018 11:02:11 a.m.
frm_Principal.dev_avisarTermine(), Termina ..
*******************************************************************************
17/04/2018 11:02:11 a.m.
frm_Principal.haceTodo(), Inicia ... : 79900030 :: 1
*******************************************************************************
17/04/2018 11:02:11 a.m.
frm_Principal.haceTodo(), Huella Capturada OK : 79900030
*******************************************************************************
17/04/2018 11:02:11 a.m.
frm_Principal.dev_ListoGrabar(), Imagen y Template OK : 79900030
*******************************************************************************
17/04/2018 11:02:11 a.m.
Manage_Template : enviando solicitud de verificacion para cc: 79900030
*******************************************************************************
17/04/2018 11:02:11 a.m.
172.16.2.249:4114 FENIXVerificar(): DATOS ENVIADOS :4612
*******************************************************************************
17/04/2018 11:02:11 a.m.
Respuesta desde el servidor 172.16.2.249 FENIX-Verificar TRANSMISIONok
*******************************************************************************
17/04/2018 11:02:11 a.m.
frm_Principal.dev_ListoGrabar(), Respuesta de validacion en SERVIDOR : 79900030 :: Respta1
*******************************************************************************
17/04/2018 11:02:11 a.m.
ClasX_AppKiosko.TraeBios(),  INICIANDO ... -9
*******************************************************************************
17/04/2018 11:02:11 a.m.
ClasX_AppKiosko.TraeBios(),  INFO_KIOSKO =no
*******************************************************************************
17/04/2018 11:02:11 a.m.
ClasX_AppKiosko.TraeBios(),  Creando directorio local :C:\fnx
*******************************************************************************
17/04/2018 11:02:11 a.m.
ClasX_AppKiosko.TraeBios(),  Creando ClasX_ClienteTCP 
*******************************************************************************
17/04/2018 11:02:11 a.m.
Halla_Usuario_Pandora : entrando en metodo Halla_Usuario_Pandora
*******************************************************************************
17/04/2018 11:02:11 a.m.
Halla_Usuario_Pandora : saliendo en metodo Halla_Usuario_Pandora
*******************************************************************************
17/04/2018 11:02:11 a.m.
ClasX_AppKiosko.TraeBios(),  Usuario en Pandora : K_Can
*******************************************************************************
17/04/2018 11:02:11 a.m.
ClasX_AppKiosko.TraeBios(),  stL_Ruta_Bio : Y:\\Repositorios\Repositorio2\65
*******************************************************************************
17/04/2018 11:02:12 a.m. USUARIO: ruben.naranjo
COMPONENTE: NBToolsNet.dll
CLASE O MODULO: CLNBTN_CliPro METODO: CMD2UnCompress_Ext

DESCRIPCION DEL ERROR: Exception: CMD2UnCompress_Ext : Respuesta de login no v?lida 'SA-UNZTR ERROR NO EXISTEN BIOMETRIAS PARA : 80755565'
*******************************************************************************
17/04/2018 11:02:12 a.m.
ClasX_AppKiosko.TraeBios(),  Respuesta SAUNZIP : 
*******************************************************************************
17/04/2018 11:02:12 a.m.
ClasX_AppKiosko.TraeBios(),  No Existen Biometrias en el servidor para : 80755565
*******************************************************************************
17/04/2018 11:02:12 a.m.
ClasX_AppKiosko.TraeBios(),  Se eliminan directorios temporales de : 80755565
*******************************************************************************
17/04/2018 11:02:12 a.m.
ClasX_AppKiosko.TraeBios(),  Respuesta thread : 1
*******************************************************************************
17/04/2018 11:02:12 a.m.
ClasX_AppKiosko.TraeBios(),  Termina Ok
*******************************************************************************
17/04/2018 11:02:12 a.m.
No se encontro registro biometrico para cedula 79900030
*******************************************************************************
17/04/2018 11:02:22 a.m.
El afiliado con n?mero de documento: 80755565. Tiene inconvenientes con su biometr?a. Se asignar? turno B.
*******************************************************************************
17/04/2018 11:02:22 a.m.
frm_Principal.StopTimer(), Inicio
*******************************************************************************
17/04/2018 11:02:22 a.m.
frm_Principal.StopTimer(), Termina
*******************************************************************************
17/04/2018 11:02:22 a.m.
frm_Principal.StopTiemrHuella(),  Iniciando ...
*******************************************************************************
17/04/2018 11:02:22 a.m.
frm_Principal.detieneEscaner(), Inicia
*******************************************************************************
17/04/2018 11:02:29 a.m.
frm_Principal.detieneEscaner(), Cancelando Escaner ... 
*******************************************************************************
17/04/2018 11:02:29 a.m.
frm_Principal.detieneEscaner(), Deteniendo Escaner ... 
*******************************************************************************
17/04/2018 11:02:29 a.m.
frm_Principal.detieneEscaner(), Escaner detenido OK
*******************************************************************************
17/04/2018 11:02:29 a.m.
frm_Principal.VuelveInicio(), Inicia ...
*******************************************************************************
17/04/2018 11:02:29 a.m.
frm_Principal.VuelveInicio(), Modo FULL detectado ..
*******************************************************************************
17/04/2018 11:02:29 a.m.
frm_Principal.VuelveInicio(), TERMINA OK : 
*******************************************************************************
17/04/2018 11:02:29 a.m.
frm_Principal.StopTimer(), Inicio
*******************************************************************************
17/04/2018 11:02:29 a.m.
frm_Principal.StopTimer(), Termina
*******************************************************************************
17/04/2018 11:02:29 a.m.
frm_Principal.StopTiemrHuella(),  Iniciando ...
*******************************************************************************
17/04/2018 11:02:29 a.m.
frm_Principal.detieneEscaner(), Inicia
*******************************************************************************
17/04/2018 11:02:29 a.m.
frm_Principal.VuelveInicio(), Inicia ...
*******************************************************************************
17/04/2018 11:02:29 a.m.
frm_Principal.VuelveInicio(), Saliendo, ejecucion no permitida ejecutaFuncionArreglaPantalla = False
*******************************************************************************
17/04/2018 11:02:29 a.m.
frm_Principal.VuelveInicio(), Modo FULL detectado ..
*******************************************************************************
17/04/2018 11:02:29 a.m.
frm_Principal.VuelveInicio(), TERMINA OK : 
*******************************************************************************
17/04/2018 11:06:03 a.m.
Inicializar(), Inciando KIOSCO Verion : 3.0.0.0
*******************************************************************************
17/04/2018 11:06:03 a.m.
frm_Principal.Inicializar(), Buscando Archivo de configuracion
*******************************************************************************
17/04/2018 11:06:03 a.m.
frm_Principal.Inicializar(), inicia Lectura Informacion Archivo de Configuracion
*******************************************************************************
17/04/2018 11:06:03 a.m.
frm_Principal.Inicializar(), Conectando webService DigTurno
*******************************************************************************
17/04/2018 11:06:03 a.m.
Iniciando Test de conexion a servidores modo (FULL).....
*******************************************************************************
17/04/2018 11:06:03 a.m.
VerificaFenix_GA2 : Conexion Fenix (CPVMP-515): CORRECTO.
*******************************************************************************
17/04/2018 11:06:03 a.m.
VerificaConexionBD : Conexion a BD Fenix: CORRECTO.
*******************************************************************************
17/04/2018 11:06:03 a.m.
antes de VerificaConexionGA2.if (!this.Conecta_BD_Ga2('001', st_ParamBd, ref inR_A001NUM_IDENTIFICACION))
*******************************************************************************
17/04/2018 11:06:03 a.m.
antes de Conecta_BD_Ga2.SqlDataReader rdr = objL_Consultas.EjecutaSP('SP_010_LEE_AFILIADO_GA2', st_Cedula);
*******************************************************************************
17/04/2018 11:06:03 a.m.
despues de Conecta_BD_Ga2.SqlDataReader rdr = objL_Consultas.EjecutaSP('SP_010_LEE_AFILIADO_GA2', st_Cedula);
*******************************************************************************
17/04/2018 11:06:03 a.m.
antes de Conecta_BD_Ga2.if (rdr != null)
*******************************************************************************
17/04/2018 11:06:03 a.m.
despu?s de Conecta_BD_Ga2.Conecta_BD_Ga2.if (rdr != null)
*******************************************************************************
17/04/2018 11:06:03 a.m.
antes de Conecta_BD_Ga2.rdr.Close()
*******************************************************************************
17/04/2018 11:06:03 a.m.
despues de Conecta_BD_Ga2.rdr.Close()
*******************************************************************************
17/04/2018 11:06:03 a.m.
antes de Conecta_BD_Ga2.objL_Consultas.CierraCOnexiones();
*******************************************************************************
17/04/2018 11:06:03 a.m.
despues de Conecta_BD_Ga2.objL_Consultas.CierraCOnexiones();
*******************************************************************************
17/04/2018 11:06:03 a.m.
VerificaConexionGA2 : Conexion_BD_Ga2: CORRECTO.
*******************************************************************************
17/04/2018 11:06:03 a.m.
TestDigiturno : Conexion Digiturno: CORRECTO.
*******************************************************************************
17/04/2018 11:06:03 a.m.
frm_Principal.Inicializar(), Ingresando en modo FULL OK 
*******************************************************************************
17/04/2018 11:06:03 a.m.
frm_Principal.borraDirTemporales(), Inicia
*******************************************************************************
17/04/2018 11:06:03 a.m.
frm_Principal.borraDirTemporales(), Termina OK
*******************************************************************************
17/04/2018 11:06:03 a.m.
Inicializar(), Terminando OK
*******************************************************************************
17/04/2018 11:06:15 a.m.
frm_Principal.CMD_Aceptar_Click(), Inicia ...
*******************************************************************************
17/04/2018 11:06:15 a.m.
frm_Principal.CMD_Aceptar_Click(), Inicia Proceso para CEDULA : 80755565
*******************************************************************************
17/04/2018 11:06:15 a.m.
frm_Principal.CMD_Aceptar_Click(), Validando aDIRECTOR (CPVMP-515:4114)
*******************************************************************************
17/04/2018 11:06:15 a.m.
frm_Principal.CMD_Aceptar_Click(),  aDIRECTOR OK ...
*******************************************************************************
17/04/2018 11:06:15 a.m.
frm_Principal.consultaCedulaEnGA2(),  Ejecutando SP: SP_010_LEE_AFILIADO_GA2 para cc: 80755565
*******************************************************************************
17/04/2018 11:06:15 a.m.
frm_Principal.consultaCedulaEnGA2(),  rdr OK ...
*******************************************************************************
17/04/2018 11:06:15 a.m.
frm_Principal.CMD_Aceptar_Click(), Se obtuvieron resultados de SP: SP_010_LEE_AFILIADO_GA2 para cc: 80755565
*******************************************************************************
17/04/2018 11:06:15 a.m.
frm_Principal.CMD_Aceptar_Click(),  Iniciando THREAD para : 80755565
*******************************************************************************
17/04/2018 11:06:15 a.m.
frm_Principal.ActivaEscaner(),  Cargando dispositivo de Huella ...
*******************************************************************************
17/04/2018 11:06:15 a.m.
frm_Principal.ActivaEscaner(),  Licencias de Huella Ok
*******************************************************************************
17/04/2018 11:06:15 a.m.
frm_Principal.ActivaEscaner(),  Estado del Huellero OK 
*******************************************************************************
17/04/2018 11:06:16 a.m.
frm_Principal.cambiaPantallas(),  Inicia ...
*******************************************************************************
17/04/2018 11:06:16 a.m.
frm_Principal.cambiaPantallas(),  PANEL_CAPTURA_HUELLA
*******************************************************************************
17/04/2018 11:06:16 a.m.
frm_Principal.StartTiemrHuella(),  Iniciando ...
*******************************************************************************
17/04/2018 11:06:16 a.m.
frm_Principal.StartTimer(),  Iniciando ...
*******************************************************************************
17/04/2018 11:06:16 a.m.
frm_Principal.StartTimer(), Termina
*******************************************************************************
17/04/2018 11:06:16 a.m.
frm_Principal.cambiaPantallas(),  Termina OK
*******************************************************************************
17/04/2018 11:06:16 a.m.
frm_Principal.CMD_Aceptar_Click(),  Iniciando THREAD para : 80755565
*******************************************************************************
17/04/2018 11:06:16 a.m.
frm_Principal.CMD_Aceptar_Click(), Termina OK
*******************************************************************************
17/04/2018 11:06:20 a.m.
frm_Principal.dev_avisarTermine(), Inicia ..
*******************************************************************************
17/04/2018 11:06:20 a.m.
frm_Principal.dev_avisarTermine(), Termina ..
*******************************************************************************
17/04/2018 11:06:20 a.m.
frm_Principal.haceTodo(), Inicia ... : 79900030 :: 1
*******************************************************************************
17/04/2018 11:06:20 a.m.
frm_Principal.haceTodo(), Huella Capturada OK : 79900030
*******************************************************************************
17/04/2018 11:06:20 a.m.
frm_Principal.dev_ListoGrabar(), Imagen y Template OK : 79900030
*******************************************************************************
17/04/2018 11:06:20 a.m.
Manage_Template : enviando solicitud de verificacion para cc: 79900030
*******************************************************************************
17/04/2018 11:06:20 a.m.
172.16.2.249:4114 FENIXVerificar(): DATOS ENVIADOS :5023
*******************************************************************************
17/04/2018 11:06:21 a.m.
Respuesta desde el servidor 172.16.2.249 FENIX-Verificar TRANSMISIONok
*******************************************************************************
17/04/2018 11:06:21 a.m.
frm_Principal.dev_ListoGrabar(), Respuesta de validacion en SERVIDOR : 79900030 :: Respta1
*******************************************************************************
17/04/2018 11:06:21 a.m.
ClasX_AppKiosko.TraeBios(),  INICIANDO ... -9
*******************************************************************************
17/04/2018 11:06:21 a.m.
ClasX_AppKiosko.TraeBios(),  INFO_KIOSKO =no
*******************************************************************************
17/04/2018 11:06:21 a.m.
ClasX_AppKiosko.TraeBios(),  Creando directorio local :C:\fnx
*******************************************************************************
17/04/2018 11:06:21 a.m.
ClasX_AppKiosko.TraeBios(),  Creando ClasX_ClienteTCP 
*******************************************************************************
17/04/2018 11:06:21 a.m.
Halla_Usuario_Pandora : entrando en metodo Halla_Usuario_Pandora
*******************************************************************************
17/04/2018 11:06:21 a.m.
Halla_Usuario_Pandora : saliendo en metodo Halla_Usuario_Pandora
*******************************************************************************
17/04/2018 11:06:21 a.m.
ClasX_AppKiosko.TraeBios(),  Usuario en Pandora : K_Can
*******************************************************************************
17/04/2018 11:06:21 a.m.
ClasX_AppKiosko.TraeBios(),  stL_Ruta_Bio : Y:\\Repositorios\Repositorio2\65
*******************************************************************************
17/04/2018 11:06:21 a.m. USUARIO: ruben.naranjo
COMPONENTE: NBToolsNet.dll
CLASE O MODULO: CLNBTN_CliPro METODO: CMD2UnCompress_Ext

DESCRIPCION DEL ERROR: Exception: CMD2UnCompress_Ext : Respuesta de login no v?lida 'SA-UNZTR ERROR NO EXISTEN BIOMETRIAS PARA : 80755565'
*******************************************************************************
17/04/2018 11:06:21 a.m.
ClasX_AppKiosko.TraeBios(),  Respuesta SAUNZIP : 
*******************************************************************************
17/04/2018 11:06:21 a.m.
ClasX_AppKiosko.TraeBios(),  No Existen Biometrias en el servidor para : 80755565
*******************************************************************************
17/04/2018 11:06:21 a.m.
ClasX_AppKiosko.TraeBios(),  Se eliminan directorios temporales de : 80755565
*******************************************************************************
17/04/2018 11:06:21 a.m.
ClasX_AppKiosko.TraeBios(),  Respuesta thread : 1
*******************************************************************************
17/04/2018 11:06:21 a.m.
ClasX_AppKiosko.TraeBios(),  Termina Ok
*******************************************************************************
17/04/2018 11:06:21 a.m.
No se encontro registro biometrico para cedula 79900030
*******************************************************************************
17/04/2018 11:06:25 a.m.
El afiliado con n?mero de documento: 80755565. Tiene inconvenientes con su biometr?a. Se asignar? turno B.
*******************************************************************************
17/04/2018 11:06:25 a.m.
frm_Principal.StopTimer(), Inicio
*******************************************************************************
17/04/2018 11:06:25 a.m.
frm_Principal.StopTimer(), Termina
*******************************************************************************
17/04/2018 11:06:25 a.m.
frm_Principal.StopTiemrHuella(),  Iniciando ...
*******************************************************************************
17/04/2018 11:06:25 a.m.
frm_Principal.detieneEscaner(), Inicia
